2025-11-07 05:19:40.389 [info] [main] Log level: Info
2025-11-07 05:19:40.389 [info] [main] Validating found git in: "git"
2025-11-07 05:19:40.389 [info] [main] Using git "2.43.0" from "git"
2025-11-07 05:19:40.389 [info] [Model][doInitialScan] Initial repository scan started
2025-11-07 05:19:40.389 [info] > git rev-parse --show-toplevel [10ms]
2025-11-07 05:19:40.389 [info] fatal: not a git repository (or any parent up to mount point /)
Stopping at filesystem boundary (GIT_DISCOVERY_ACROSS_FILESYSTEM not set).
2025-11-07 05:19:40.402 [info] > git rev-parse --show-toplevel [3ms]
2025-11-07 05:19:40.402 [info] fatal: not a git repository (or any parent up to mount point /)
Stopping at filesystem boundary (GIT_DISCOVERY_ACROSS_FILESYSTEM not set).
2025-11-07 05:19:40.411 [info] > git rev-parse --show-toplevel [2ms]
2025-11-07 05:19:40.411 [info] fatal: not a git repository (or any parent up to mount point /)
Stopping at filesystem boundary (GIT_DISCOVERY_ACROSS_FILESYSTEM not set).
2025-11-07 05:19:40.420 [info] > git rev-parse --show-toplevel [2ms]
2025-11-07 05:19:40.420 [info] fatal: not a git repository (or any parent up to mount point /)
Stopping at filesystem boundary (GIT_DISCOVERY_ACROSS_FILESYSTEM not set).
2025-11-07 05:19:40.428 [info] > git rev-parse --show-toplevel [1ms]
2025-11-07 05:19:40.428 [info] fatal: not a git repository (or any parent up to mount point /)
Stopping at filesystem boundary (GIT_DISCOVERY_ACROSS_FILESYSTEM not set).
2025-11-07 05:19:40.438 [info] > git rev-parse --show-toplevel [1ms]
2025-11-07 05:19:40.438 [info] fatal: not a git repository (or any parent up to mount point /)
Stopping at filesystem boundary (GIT_DISCOVERY_ACROSS_FILESYSTEM not set).
2025-11-07 05:19:40.447 [info] > git rev-parse --show-toplevel [2ms]
2025-11-07 05:19:40.447 [info] fatal: not a git repository (or any parent up to mount point /)
Stopping at filesystem boundary (GIT_DISCOVERY_ACROSS_FILESYSTEM not set).
2025-11-07 05:19:40.464 [info] > git rev-parse --show-toplevel [0ms]
2025-11-07 05:19:40.464 [info] fatal: not a git repository (or any parent up to mount point /)
Stopping at filesystem boundary (GIT_DISCOVERY_ACROSS_FILESYSTEM not set).
2025-11-07 05:19:40.473 [info] > git rev-parse --show-toplevel [3ms]
2025-11-07 05:19:40.473 [info] fatal: not a git repository (or any parent up to mount point /)
Stopping at filesystem boundary (GIT_DISCOVERY_ACROSS_FILESYSTEM not set).
2025-11-07 05:19:40.482 [info] > git rev-parse --show-toplevel [3ms]
2025-11-07 05:19:40.482 [info] fatal: not a git repository (or any parent up to mount point /)
Stopping at filesystem boundary (GIT_DISCOVERY_ACROSS_FILESYSTEM not set).
2025-11-07 05:19:40.491 [info] > git rev-parse --show-toplevel [3ms]
2025-11-07 05:19:40.491 [info] fatal: not a git repository (or any parent up to mount point /)
Stopping at filesystem boundary (GIT_DISCOVERY_ACROSS_FILESYSTEM not set).
2025-11-07 05:19:40.502 [info] > git rev-parse --show-toplevel [0ms]
2025-11-07 05:19:40.502 [info] fatal: not a git repository (or any parent up to mount point /)
Stopping at filesystem boundary (GIT_DISCOVERY_ACROSS_FILESYSTEM not set).
2025-11-07 05:19:40.514 [info] > git rev-parse --show-toplevel [1ms]
2025-11-07 05:19:40.514 [info] fatal: not a git repository (or any parent up to mount point /)
Stopping at filesystem boundary (GIT_DISCOVERY_ACROSS_FILESYSTEM not set).
2025-11-07 05:19:40.524 [info] > git rev-parse --show-toplevel [4ms]
2025-11-07 05:19:40.536 [info] > git rev-parse --git-dir --git-common-dir [1ms]
2025-11-07 05:19:40.562 [info] [Model][openRepository] Opened repository (path): /home/eumathss/studio2
2025-11-07 05:19:40.562 [info] [Model][openRepository] Opened repository (real path): /home/eumathss/studio2
2025-11-07 05:19:40.565 [info] [Model][doInitialScan] Initial repository scan completed - repositories (1), closed repositories (0), parent repositories (0), unsafe repositories (0)
2025-11-07 05:19:40.577 [info] > git config --get commit.template [1ms]
2025-11-07 05:19:40.594 [info] > git for-each-ref --format=%(refname)%00%(upstream:short)%00%(objectname)%00%(upstream:track)%00%(upstream:remotename)%00%(upstream:remoteref) refs/heads/treinoindoor refs/remotes/treinoindoor [4ms]
2025-11-07 05:19:40.600 [warning] [Git][revParse] Unable to read file: ENOENT: no such file or directory, open '/home/eumathss/studio2/.git/refs/remotes/origin/treinoindoor'
2025-11-07 05:19:40.602 [info] > git rev-parse refs/remotes/origin/treinoindoor [2ms]
2025-11-07 05:19:40.617 [info] > git status -z -uall [8ms]
2025-11-07 05:19:40.619 [info] > git for-each-ref --sort -committerdate --format %(refname)%00%(objectname)%00%(*objectname) [3ms]
2025-11-07 05:19:40.642 [info] > git for-each-ref --format=%(refname)%00%(upstream:short)%00%(objectname)%00%(upstream:track)%00%(upstream:remotename)%00%(upstream:remoteref) refs/heads/treinoindoor refs/remotes/treinoindoor [10ms]
2025-11-07 05:19:40.649 [info] > git config --get commit.template [8ms]
2025-11-07 05:19:40.650 [info] > git config --get --local branch.treinoindoor.vscode-merge-base [3ms]
2025-11-07 05:19:40.663 [info] > git for-each-ref --format=%(refname)%00%(upstream:short)%00%(objectname)%00%(upstream:track)%00%(upstream:remotename)%00%(upstream:remoteref) refs/heads/origin/treinoindoor refs/remotes/origin/treinoindoor [7ms]
2025-11-07 05:19:40.793 [info] > git for-each-ref --format=%(refname)%00%(upstream:short)%00%(objectname)%00%(upstream:track)%00%(upstream:remotename)%00%(upstream:remoteref) refs/heads/treinoindoor refs/remotes/treinoindoor [131ms]
2025-11-07 05:19:40.841 [warning] [Git][revParse] Unable to read file: ENOENT: no such file or directory, open '/home/eumathss/studio2/.git/refs/remotes/origin/treinoindoor'
2025-11-07 05:19:40.843 [info] > git merge-base refs/heads/treinoindoor refs/remotes/origin/treinoindoor [168ms]
2025-11-07 05:19:40.853 [info] > git rev-parse refs/remotes/origin/treinoindoor [12ms]
2025-11-07 05:19:43.801 [info] > git status -z -uall [2943ms]
2025-11-07 05:19:43.802 [info] > git diff --name-status -z --diff-filter=ADMR f1a08232df03cfe0e7fe98c6fbd4085ae12376db...refs/remotes/origin/treinoindoor [2954ms]
2025-11-07 05:19:44.544 [info] > git for-each-ref --sort -committerdate --format %(refname)%00%(objectname)%00%(*objectname) [3679ms]
2025-11-07 05:19:44.592 [info] > git check-ignore -v -z --stdin [780ms]
