2025-11-07 04:49:07.347 [info] read schema from vscode: vscode://schemas/settings/user
2025-11-07 04:49:07.347 [info] cancelled
2025-11-07 04:49:07.670 [info] schema change detected vscode://schemas/settings/user
2025-11-07 04:49:08.231 [info] read schema from vscode: vscode://schemas/settings/resourceLanguage
2025-11-07 04:49:08.234 [info] read schema from vscode: vscode://schemas/launch
2025-11-07 04:49:11.441 [info] read schema from vscode: vscode://schemas/token-styling
2025-11-07 04:49:11.506 [info] schema change detected vscode://schemas/settings/user
2025-11-07 04:49:11.507 [info] read schema from vscode: vscode://schemas/textmate-colors
2025-11-07 04:49:11.551 [info] read schema from vscode: vscode://schemas/workbench-colors
2025-11-07 04:49:12.791 [info] cancelled
2025-11-07 04:49:12.845 [info] read schema from vscode: vscode://schemas/settings/user
2025-11-07 04:49:15.995 [info] schema change detected vscode://schemas/launch
2025-11-07 04:49:16.001 [info] read schema from vscode: vscode://schemas/settings/user
2025-11-07 04:49:16.413 [info] read schema from vscode: vscode://schemas/launch
2025-11-07 04:49:17.546 [info] schema change detected vscode://schemas/settings/user
2025-11-07 04:49:17.553 [info] read schema from vscode: vscode://schemas/settings/user
2025-11-07 04:49:25.553 [info] schema change detected vscode://schemas/settings/user
2025-11-07 04:49:25.556 [info] read schema from vscode: vscode://schemas/settings/user
2025-11-07 04:58:08.103 [info] schema change detected vscode://schemas/settings/user
2025-11-07 04:58:50.325 [info] schema change detected vscode://schemas/settings/user
2025-11-07 04:58:59.266 [info] schema change detected vscode://schemas/launch
