2025-11-11 16:15:08.063 [info] Reading sessions from keychain...
2025-11-11 16:15:08.063 [info] Getting sessions for all scopes...
2025-11-11 16:15:08.063 [info] Got 0 sessions for ...
2025-11-11 16:15:08.064 [info] Getting sessions for all scopes...
2025-11-11 16:15:08.064 [info] Got 0 sessions for ...
2025-11-11 16:15:08.064 [info] Getting sessions for all scopes...
2025-11-11 16:15:08.064 [info] Got 0 sessions for ...
2025-11-11 16:15:08.064 [info] Getting sessions for all scopes...
2025-11-11 16:15:08.064 [info] Got 0 sessions for ...
2025-11-11 16:15:08.185 [info] Getting sessions for read:user,repo,user:email,workflow...
2025-11-11 16:15:08.185 [info] Got 0 sessions for read:user,repo,user:email,workflow...
2025-11-11 16:15:09.439 [info] Logging in with 'any' account...
2025-11-11 16:15:09.439 [info] Logging in for the following scopes: read:user repo user:email workflow
2025-11-11 16:15:09.693 [info] Trying device code flow... (read:user repo user:email workflow)
2025-11-11 16:15:38.862 [info] Getting user info...
2025-11-11 16:15:39.135 [info] Got account info!
2025-11-11 16:15:39.135 [info] Storing 1 sessions...
2025-11-11 16:15:39.261 [info] Reading sessions from keychain...
2025-11-11 16:15:39.261 [info] Stored 1 sessions!
2025-11-11 16:15:39.262 [info] Login success!
2025-11-11 16:15:39.393 [info] Got stored sessions!
2025-11-11 16:15:39.393 [info] Got 1 verified sessions.
