2025-11-07 03:55:40.856 [info] [main] Log level: Info
2025-11-07 03:55:40.856 [info] [main] Validating found git in: "git"
2025-11-07 03:55:40.856 [info] [main] Using git "2.43.0" from "git"
2025-11-07 03:55:40.856 [info] [Model][doInitialScan] Initial repository scan started
2025-11-07 03:55:40.856 [info] > git rev-parse --show-toplevel [5ms]
2025-11-07 03:55:40.856 [info] fatal: not a git repository (or any parent up to mount point /)
Stopping at filesystem boundary (GIT_DISCOVERY_ACROSS_FILESYSTEM not set).
2025-11-07 03:55:40.867 [info] > git rev-parse --show-toplevel [2ms]
2025-11-07 03:55:40.867 [info] fatal: not a git repository (or any parent up to mount point /)
Stopping at filesystem boundary (GIT_DISCOVERY_ACROSS_FILESYSTEM not set).
2025-11-07 03:55:40.876 [info] > git rev-parse --show-toplevel [2ms]
2025-11-07 03:55:40.876 [info] fatal: not a git repository (or any parent up to mount point /)
Stopping at filesystem boundary (GIT_DISCOVERY_ACROSS_FILESYSTEM not set).
2025-11-07 03:55:40.886 [info] > git rev-parse --show-toplevel [3ms]
2025-11-07 03:55:40.886 [info] fatal: not a git repository (or any parent up to mount point /)
Stopping at filesystem boundary (GIT_DISCOVERY_ACROSS_FILESYSTEM not set).
2025-11-07 03:55:40.894 [info] > git rev-parse --show-toplevel [2ms]
2025-11-07 03:55:40.894 [info] fatal: not a git repository (or any parent up to mount point /)
Stopping at filesystem boundary (GIT_DISCOVERY_ACROSS_FILESYSTEM not set).
2025-11-07 03:55:40.902 [info] > git rev-parse --show-toplevel [2ms]
2025-11-07 03:55:40.902 [info] fatal: not a git repository (or any parent up to mount point /)
Stopping at filesystem boundary (GIT_DISCOVERY_ACROSS_FILESYSTEM not set).
2025-11-07 03:55:40.911 [info] > git rev-parse --show-toplevel [2ms]
2025-11-07 03:55:40.911 [info] fatal: not a git repository (or any parent up to mount point /)
Stopping at filesystem boundary (GIT_DISCOVERY_ACROSS_FILESYSTEM not set).
2025-11-07 03:55:40.921 [info] > git rev-parse --show-toplevel [3ms]
2025-11-07 03:55:40.921 [info] fatal: not a git repository (or any parent up to mount point /)
Stopping at filesystem boundary (GIT_DISCOVERY_ACROSS_FILESYSTEM not set).
2025-11-07 03:55:40.929 [info] > git rev-parse --show-toplevel [2ms]
2025-11-07 03:55:40.929 [info] fatal: not a git repository (or any parent up to mount point /)
Stopping at filesystem boundary (GIT_DISCOVERY_ACROSS_FILESYSTEM not set).
2025-11-07 03:55:40.938 [info] > git rev-parse --show-toplevel [2ms]
2025-11-07 03:55:40.938 [info] fatal: not a git repository (or any parent up to mount point /)
Stopping at filesystem boundary (GIT_DISCOVERY_ACROSS_FILESYSTEM not set).
2025-11-07 03:55:40.947 [info] > git rev-parse --show-toplevel [2ms]
2025-11-07 03:55:40.947 [info] fatal: not a git repository (or any parent up to mount point /)
Stopping at filesystem boundary (GIT_DISCOVERY_ACROSS_FILESYSTEM not set).
2025-11-07 03:55:40.955 [info] > git rev-parse --show-toplevel [2ms]
2025-11-07 03:55:40.955 [info] fatal: not a git repository (or any parent up to mount point /)
Stopping at filesystem boundary (GIT_DISCOVERY_ACROSS_FILESYSTEM not set).
2025-11-07 03:55:40.964 [info] > git rev-parse --show-toplevel [3ms]
2025-11-07 03:55:40.964 [info] fatal: not a git repository (or any parent up to mount point /)
Stopping at filesystem boundary (GIT_DISCOVERY_ACROSS_FILESYSTEM not set).
2025-11-07 03:55:40.972 [info] > git rev-parse --show-toplevel [3ms]
2025-11-07 03:55:40.981 [info] > git rev-parse --git-dir --git-common-dir [3ms]
2025-11-07 03:55:40.996 [info] [Model][openRepository] Opened repository (path): /home/eumathss/studio2
2025-11-07 03:55:40.996 [info] [Model][openRepository] Opened repository (real path): /home/eumathss/studio2
2025-11-07 03:55:40.999 [info] [Model][doInitialScan] Initial repository scan completed - repositories (1), closed repositories (0), parent repositories (0), unsafe repositories (0)
2025-11-07 03:55:41.015 [info] > git config --get commit.template [9ms]
2025-11-07 03:55:41.016 [info] > git for-each-ref --format=%(refname)%00%(upstream:short)%00%(objectname)%00%(upstream:track)%00%(upstream:remotename)%00%(upstream:remoteref) refs/heads/treinoindoor refs/remotes/treinoindoor [3ms]
2025-11-07 03:55:41.024 [warning] [Git][revParse] Unable to read file: ENOENT: no such file or directory, open '/home/eumathss/studio2/.git/refs/remotes/origin/treinoindoor'
2025-11-07 03:55:41.026 [info] > git rev-parse refs/remotes/origin/treinoindoor [3ms]
2025-11-07 03:55:41.051 [info] > git for-each-ref --sort -committerdate --format %(refname)%00%(objectname)%00%(*objectname) [5ms]
2025-11-07 03:55:41.063 [info] > git status -z -uall [30ms]
2025-11-07 03:55:41.088 [info] > git for-each-ref --format=%(refname)%00%(upstream:short)%00%(objectname)%00%(upstream:track)%00%(upstream:remotename)%00%(upstream:remoteref) refs/heads/treinoindoor refs/remotes/treinoindoor [11ms]
2025-11-07 03:55:41.100 [info] > git config --get --local branch.treinoindoor.vscode-merge-base [5ms]
2025-11-07 03:55:41.109 [info] > git config --get commit.template [21ms]
2025-11-07 03:55:41.235 [info] > git for-each-ref --format=%(refname)%00%(upstream:short)%00%(objectname)%00%(upstream:track)%00%(upstream:remotename)%00%(upstream:remoteref) refs/heads/origin/treinoindoor refs/remotes/origin/treinoindoor [127ms]
2025-11-07 03:55:41.254 [info] > git merge-base refs/heads/treinoindoor refs/remotes/origin/treinoindoor [12ms]
2025-11-07 03:55:41.263 [info] > git for-each-ref --format=%(refname)%00%(upstream:short)%00%(objectname)%00%(upstream:track)%00%(upstream:remotename)%00%(upstream:remoteref) refs/heads/treinoindoor refs/remotes/treinoindoor [147ms]
2025-11-07 03:55:41.280 [warning] [Git][revParse] Unable to read file: ENOENT: no such file or directory, open '/home/eumathss/studio2/.git/refs/remotes/origin/treinoindoor'
2025-11-07 03:55:44.870 [info] > git rev-parse refs/remotes/origin/treinoindoor [3590ms]
2025-11-07 03:55:44.898 [info] > git diff --name-status -z --diff-filter=ADMR f1a08232df03cfe0e7fe98c6fbd4085ae12376db...refs/remotes/origin/treinoindoor [3635ms]
2025-11-07 03:55:45.396 [info] > git status -z -uall [515ms]
2025-11-07 03:55:45.397 [info] > git check-ignore -v -z --stdin [483ms]
2025-11-07 03:55:45.398 [info] > git for-each-ref --sort -committerdate --format %(refname)%00%(objectname)%00%(*objectname) [501ms]
2025-11-07 03:56:48.334 [info] > git check-ignore -v -z --stdin [3ms]
2025-11-07 03:56:51.117 [info] > git rev-parse --show-toplevel [10ms]
2025-11-07 03:56:51.118 [info] fatal: not a git repository (or any parent up to mount point /)
Stopping at filesystem boundary (GIT_DISCOVERY_ACROSS_FILESYSTEM not set).
2025-11-07 03:56:53.145 [info] > git rev-parse --show-toplevel [5ms]
2025-11-07 03:56:53.145 [info] fatal: not a git repository (or any parent up to mount point /)
Stopping at filesystem boundary (GIT_DISCOVERY_ACROSS_FILESYSTEM not set).
2025-11-07 03:56:53.392 [info] > git log --format=%H%n%aN%n%aE%n%at%n%ct%n%P%n%D%n%B -z --shortstat --diff-merges=first-parent -n50 --skip=0 --topo-order --decorate=full --stdin [297ms]
2025-11-07 03:57:29.255 [info] > git rev-parse --show-toplevel [6ms]
2025-11-07 03:57:29.255 [info] fatal: not a git repository (or any parent up to mount point /)
Stopping at filesystem boundary (GIT_DISCOVERY_ACROSS_FILESYSTEM not set).
2025-11-07 03:57:30.028 [info] > git rev-parse --show-toplevel [7ms]
2025-11-07 03:57:30.028 [info] fatal: not a git repository (or any parent up to mount point /)
Stopping at filesystem boundary (GIT_DISCOVERY_ACROSS_FILESYSTEM not set).
2025-11-07 03:57:35.991 [info] > git rev-parse --show-toplevel [6ms]
2025-11-07 03:57:35.991 [info] fatal: not a git repository (or any parent up to mount point /)
Stopping at filesystem boundary (GIT_DISCOVERY_ACROSS_FILESYSTEM not set).
2025-11-07 03:57:42.265 [info] > git log --format=%H%n%aN%n%aE%n%at%n%ct%n%P%n%D%n%B -z --shortstat --diff-merges=first-parent -n50 --skip=0 --topo-order --decorate=full --stdin [240ms]
2025-11-07 03:58:14.341 [info] > git rev-parse --show-toplevel [3ms]
2025-11-07 03:58:14.341 [info] fatal: not a git repository (or any parent up to mount point /)
Stopping at filesystem boundary (GIT_DISCOVERY_ACROSS_FILESYSTEM not set).
2025-11-07 03:58:35.115 [info] > git ls-files --stage -- 1 [3ms]
2025-11-07 03:58:35.131 [info] > git cat-file -s e69de29bb2d1d6434b8b29ae775ad8c2e48c5391 [6ms]
2025-11-07 03:58:35.133 [info] > git show --textconv :1 [32ms]
2025-11-07 03:58:38.897 [info] > git log --format=%H%n%aN%n%aE%n%at%n%ct%n%P%n%D%n%B -z --shortstat --diff-merges=first-parent -n50 --skip=0 --topo-order --decorate=full --stdin [237ms]
2025-11-07 04:00:17.315 [info] > git show --textconv :1 [11ms]
2025-11-07 04:00:17.317 [info] > git ls-files --stage -- 1 [3ms]
2025-11-07 04:00:17.329 [info] > git cat-file -s e69de29bb2d1d6434b8b29ae775ad8c2e48c5391 [2ms]
2025-11-07 04:02:53.728 [info] > git rev-parse --show-toplevel [3ms]
2025-11-07 04:02:53.728 [info] fatal: not a git repository (or any parent up to mount point /)
Stopping at filesystem boundary (GIT_DISCOVERY_ACROSS_FILESYSTEM not set).
2025-11-07 04:04:15.173 [info] > git rev-parse --show-toplevel [2ms]
2025-11-07 04:04:15.173 [info] fatal: not a git repository (or any parent up to mount point /)
Stopping at filesystem boundary (GIT_DISCOVERY_ACROSS_FILESYSTEM not set).
2025-11-07 04:04:35.660 [info] > git rev-parse --show-toplevel [4ms]
2025-11-07 04:04:35.660 [info] fatal: not a git repository (or any parent up to mount point /)
Stopping at filesystem boundary (GIT_DISCOVERY_ACROSS_FILESYSTEM not set).
