2025-11-07 04:49:07.585 [info] [main] Log level: Info
2025-11-07 04:49:07.585 [info] [main] Validating found git in: "git"
2025-11-07 04:49:07.585 [info] [main] Using git "2.43.0" from "git"
2025-11-07 04:49:07.585 [info] [Model][doInitialScan] Initial repository scan started
2025-11-07 04:49:07.585 [info] > git rev-parse --show-toplevel [8ms]
2025-11-07 04:49:07.585 [info] fatal: not a git repository (or any parent up to mount point /)
Stopping at filesystem boundary (GIT_DISCOVERY_ACROSS_FILESYSTEM not set).
2025-11-07 04:49:07.585 [info] > git rev-parse --show-toplevel [3ms]
2025-11-07 04:49:07.585 [info] fatal: not a git repository (or any parent up to mount point /)
Stopping at filesystem boundary (GIT_DISCOVERY_ACROSS_FILESYSTEM not set).
2025-11-07 04:49:07.585 [info] > git rev-parse --show-toplevel [2ms]
2025-11-07 04:49:07.585 [info] fatal: not a git repository (or any parent up to mount point /)
Stopping at filesystem boundary (GIT_DISCOVERY_ACROSS_FILESYSTEM not set).
2025-11-07 04:49:07.585 [info] > git rev-parse --show-toplevel [3ms]
2025-11-07 04:49:07.585 [info] fatal: not a git repository (or any parent up to mount point /)
Stopping at filesystem boundary (GIT_DISCOVERY_ACROSS_FILESYSTEM not set).
2025-11-07 04:49:07.585 [info] > git rev-parse --show-toplevel [41ms]
2025-11-07 04:49:07.585 [info] fatal: not a git repository (or any parent up to mount point /)
Stopping at filesystem boundary (GIT_DISCOVERY_ACROSS_FILESYSTEM not set).
2025-11-07 04:49:07.585 [info] > git rev-parse --show-toplevel [5ms]
2025-11-07 04:49:07.585 [info] fatal: not a git repository (or any parent up to mount point /)
Stopping at filesystem boundary (GIT_DISCOVERY_ACROSS_FILESYSTEM not set).
2025-11-07 04:49:07.587 [info] > git rev-parse --show-toplevel [3ms]
2025-11-07 04:49:07.587 [info] fatal: not a git repository (or any parent up to mount point /)
Stopping at filesystem boundary (GIT_DISCOVERY_ACROSS_FILESYSTEM not set).
2025-11-07 04:49:07.597 [info] > git rev-parse --show-toplevel [3ms]
2025-11-07 04:49:07.597 [info] fatal: not a git repository (or any parent up to mount point /)
Stopping at filesystem boundary (GIT_DISCOVERY_ACROSS_FILESYSTEM not set).
2025-11-07 04:49:07.606 [info] > git rev-parse --show-toplevel [2ms]
2025-11-07 04:49:07.607 [info] fatal: not a git repository (or any parent up to mount point /)
Stopping at filesystem boundary (GIT_DISCOVERY_ACROSS_FILESYSTEM not set).
2025-11-07 04:49:07.617 [info] > git rev-parse --show-toplevel [2ms]
2025-11-07 04:49:07.617 [info] fatal: not a git repository (or any parent up to mount point /)
Stopping at filesystem boundary (GIT_DISCOVERY_ACROSS_FILESYSTEM not set).
2025-11-07 04:49:07.628 [info] > git rev-parse --show-toplevel [1ms]
2025-11-07 04:49:07.628 [info] fatal: not a git repository (or any parent up to mount point /)
Stopping at filesystem boundary (GIT_DISCOVERY_ACROSS_FILESYSTEM not set).
2025-11-07 04:49:08.213 [info] > git rev-parse --show-toplevel [572ms]
2025-11-07 04:49:08.213 [info] fatal: not a git repository (or any parent up to mount point /)
Stopping at filesystem boundary (GIT_DISCOVERY_ACROSS_FILESYSTEM not set).
2025-11-07 04:49:08.234 [info] > git rev-parse --show-toplevel [6ms]
2025-11-07 04:49:08.234 [info] fatal: not a git repository (or any parent up to mount point /)
Stopping at filesystem boundary (GIT_DISCOVERY_ACROSS_FILESYSTEM not set).
2025-11-07 04:49:11.573 [info] > git rev-parse --show-toplevel [116ms]
2025-11-07 04:49:12.339 [info] > git rev-parse --git-dir --git-common-dir [159ms]
2025-11-07 04:49:12.363 [info] [Model][openRepository] Opened repository (path): /home/eumathss/studio2
2025-11-07 04:49:12.363 [info] [Model][openRepository] Opened repository (real path): /home/eumathss/studio2
2025-11-07 04:49:12.369 [info] [Model][doInitialScan] Initial repository scan completed - repositories (1), closed repositories (0), parent repositories (0), unsafe repositories (0)
2025-11-07 04:49:12.421 [info] > git config --get commit.template [19ms]
2025-11-07 04:49:12.492 [info] > git for-each-ref --format=%(refname)%00%(upstream:short)%00%(objectname)%00%(upstream:track)%00%(upstream:remotename)%00%(upstream:remoteref) refs/heads/treinoindoor refs/remotes/treinoindoor [47ms]
2025-11-07 04:49:12.572 [warning] [Git][revParse] Unable to read file: ENOENT: no such file or directory, open '/home/eumathss/studio2/.git/refs/remotes/origin/treinoindoor'
2025-11-07 04:49:12.634 [info] > git rev-parse refs/remotes/origin/treinoindoor [62ms]
2025-11-07 04:49:12.725 [info] > git status -z -uall [72ms]
2025-11-07 04:49:12.730 [info] > git for-each-ref --sort -committerdate --format %(refname)%00%(objectname)%00%(*objectname) [44ms]
2025-11-07 04:49:12.792 [info] > git for-each-ref --format=%(refname)%00%(upstream:short)%00%(objectname)%00%(upstream:track)%00%(upstream:remotename)%00%(upstream:remoteref) refs/heads/treinoindoor refs/remotes/treinoindoor [25ms]
2025-11-07 04:49:12.810 [info] > git config --get commit.template [20ms]
2025-11-07 04:49:12.814 [info] > git config --get --local branch.treinoindoor.vscode-merge-base [7ms]
2025-11-07 04:49:12.845 [info] > git for-each-ref --format=%(refname)%00%(upstream:short)%00%(objectname)%00%(upstream:track)%00%(upstream:remotename)%00%(upstream:remoteref) refs/heads/origin/treinoindoor refs/remotes/origin/treinoindoor [17ms]
2025-11-07 04:49:12.863 [info] > git for-each-ref --format=%(refname)%00%(upstream:short)%00%(objectname)%00%(upstream:track)%00%(upstream:remotename)%00%(upstream:remoteref) refs/heads/treinoindoor refs/remotes/treinoindoor [19ms]
2025-11-07 04:49:12.882 [warning] [Git][revParse] Unable to read file: ENOENT: no such file or directory, open '/home/eumathss/studio2/.git/refs/remotes/origin/treinoindoor'
2025-11-07 04:49:12.882 [info] > git merge-base refs/heads/treinoindoor refs/remotes/origin/treinoindoor [23ms]
2025-11-07 04:49:12.909 [info] > git rev-parse refs/remotes/origin/treinoindoor [28ms]
2025-11-07 04:49:12.990 [info] > git status -z -uall [63ms]
2025-11-07 04:49:12.991 [info] > git diff --name-status -z --diff-filter=ADMR f1a08232df03cfe0e7fe98c6fbd4085ae12376db...refs/remotes/origin/treinoindoor [84ms]
2025-11-07 04:49:12.993 [info] > git for-each-ref --sort -committerdate --format %(refname)%00%(objectname)%00%(*objectname) [54ms]
2025-11-07 04:49:13.158 [info] > git check-ignore -v -z --stdin [9ms]
2025-11-07 04:51:23.932 [info] > git check-ignore -v -z --stdin [2ms]
2025-11-07 04:57:42.827 [info] > git rev-parse --show-toplevel [3ms]
2025-11-07 04:57:42.827 [info] fatal: not a git repository (or any parent up to mount point /)
Stopping at filesystem boundary (GIT_DISCOVERY_ACROSS_FILESYSTEM not set).
2025-11-07 04:57:43.034 [info] > git log --format=%H%n%aN%n%aE%n%at%n%ct%n%P%n%D%n%B -z --shortstat --diff-merges=first-parent -n50 --skip=0 --topo-order --decorate=full --stdin [255ms]
2025-11-07 04:57:44.849 [info] > git config --get commit.template [3ms]
2025-11-07 04:57:44.861 [info] > git for-each-ref --format=%(refname)%00%(upstream:short)%00%(objectname)%00%(upstream:track)%00%(upstream:remotename)%00%(upstream:remoteref) refs/heads/treinoindoor refs/remotes/treinoindoor [2ms]
2025-11-07 04:57:44.871 [warning] [Git][revParse] Unable to read file: ENOENT: no such file or directory, open '/home/eumathss/studio2/.git/refs/remotes/origin/treinoindoor'
2025-11-07 04:57:44.873 [info] > git rev-parse refs/remotes/origin/treinoindoor [2ms]
2025-11-07 04:57:44.894 [info] > git status -z -uall [12ms]
2025-11-07 04:57:44.896 [info] > git for-each-ref --sort -committerdate --format %(refname)%00%(objectname)%00%(*objectname) [3ms]
2025-11-07 04:57:49.727 [info] > git config --get commit.template [11ms]
2025-11-07 04:57:49.729 [info] > git for-each-ref --format=%(refname)%00%(upstream:short)%00%(objectname)%00%(upstream:track)%00%(upstream:remotename)%00%(upstream:remoteref) refs/heads/treinoindoor refs/remotes/treinoindoor [3ms]
2025-11-07 04:57:49.739 [warning] [Git][revParse] Unable to read file: ENOENT: no such file or directory, open '/home/eumathss/studio2/.git/refs/remotes/origin/treinoindoor'
2025-11-07 04:57:49.741 [info] > git rev-parse refs/remotes/origin/treinoindoor [2ms]
2025-11-07 04:57:49.763 [info] > git status -z -uall [13ms]
2025-11-07 04:57:49.764 [info] > git for-each-ref --sort -committerdate --format %(refname)%00%(objectname)%00%(*objectname) [4ms]
2025-11-07 04:57:51.126 [info] > git diff-tree -r --name-status -z --diff-filter=ADMR --find-renames=50% f1a08232df03cfe0e7fe98c6fbd4085ae12376db 42e888287da298a67b2118ae8635bc58d6e76d15 [3ms]
2025-11-07 04:57:51.783 [info] > git check-ignore -v -z --stdin [2ms]
2025-11-07 04:57:56.301 [info] > git for-each-ref --format=%(refname)%00%(upstream:short)%00%(objectname)%00%(upstream:track)%00%(upstream:remotename)%00%(upstream:remoteref) refs/remotes/origin/treinoindoor [2ms]
2025-11-07 04:57:56.316 [info] > git log --oneline --cherry treinoindoor...treinoindoor@{upstream} -- [3ms]
2025-11-07 04:57:57.068 [info] > git pull --tags origin treinoindoor [742ms]
2025-11-07 04:57:57.068 [info] remote: Invalid username or token. Password authentication is not supported for Git operations.
fatal: Authentication failed for 'https://github.com/brexp/studio2.git/'
2025-11-07 04:57:57.089 [info] > git config --get commit.template [10ms]
2025-11-07 04:57:57.091 [info] > git for-each-ref --format=%(refname)%00%(upstream:short)%00%(objectname)%00%(upstream:track)%00%(upstream:remotename)%00%(upstream:remoteref) refs/heads/treinoindoor refs/remotes/treinoindoor [3ms]
2025-11-07 04:57:57.100 [warning] [Git][revParse] Unable to read file: ENOENT: no such file or directory, open '/home/eumathss/studio2/.git/refs/remotes/origin/treinoindoor'
2025-11-07 04:57:57.102 [info] > git rev-parse refs/remotes/origin/treinoindoor [2ms]
2025-11-07 04:57:57.121 [info] > git status -z -uall [10ms]
2025-11-07 04:57:57.124 [info] > git for-each-ref --sort -committerdate --format %(refname)%00%(objectname)%00%(*objectname) [4ms]
2025-11-07 04:58:18.624 [info] > git checkout -q treinoindoor [9ms]
2025-11-07 04:58:18.647 [info] > git config --get commit.template [12ms]
2025-11-07 04:58:18.649 [info] > git for-each-ref --format=%(refname)%00%(upstream:short)%00%(objectname)%00%(upstream:track)%00%(upstream:remotename)%00%(upstream:remoteref) refs/heads/treinoindoor refs/remotes/treinoindoor [4ms]
2025-11-07 04:58:18.660 [warning] [Git][revParse] Unable to read file: ENOENT: no such file or directory, open '/home/eumathss/studio2/.git/refs/remotes/origin/treinoindoor'
2025-11-07 04:58:18.662 [info] > git rev-parse refs/remotes/origin/treinoindoor [2ms]
2025-11-07 04:58:18.684 [info] > git status -z -uall [12ms]
2025-11-07 04:58:18.685 [info] > git for-each-ref --sort -committerdate --format %(refname)%00%(objectname)%00%(*objectname) [3ms]
2025-11-07 04:58:19.852 [info] > git config --get commit.template [2ms]
2025-11-07 04:58:19.864 [info] > git for-each-ref --format=%(refname)%00%(upstream:short)%00%(objectname)%00%(upstream:track)%00%(upstream:remotename)%00%(upstream:remoteref) refs/heads/treinoindoor refs/remotes/treinoindoor [2ms]
2025-11-07 04:58:19.873 [warning] [Git][revParse] Unable to read file: ENOENT: no such file or directory, open '/home/eumathss/studio2/.git/refs/remotes/origin/treinoindoor'
2025-11-07 04:58:19.875 [info] > git rev-parse refs/remotes/origin/treinoindoor [2ms]
2025-11-07 04:58:19.895 [info] > git status -z -uall [11ms]
2025-11-07 04:58:19.897 [info] > git for-each-ref --sort -committerdate --format %(refname)%00%(objectname)%00%(*objectname) [3ms]
2025-11-07 04:58:24.978 [info] > git log --oneline --cherry treinoindoor...treinoindoor@{upstream} -- [3ms]
2025-11-07 04:58:25.680 [info] > git pull --tags origin treinoindoor [692ms]
2025-11-07 04:58:25.680 [info] remote: Invalid username or token. Password authentication is not supported for Git operations.
fatal: Authentication failed for 'https://github.com/brexp/studio2.git/'
2025-11-07 04:58:25.700 [info] > git config --get commit.template [10ms]
2025-11-07 04:58:25.702 [info] > git for-each-ref --format=%(refname)%00%(upstream:short)%00%(objectname)%00%(upstream:track)%00%(upstream:remotename)%00%(upstream:remoteref) refs/heads/treinoindoor refs/remotes/treinoindoor [3ms]
2025-11-07 04:58:25.711 [warning] [Git][revParse] Unable to read file: ENOENT: no such file or directory, open '/home/eumathss/studio2/.git/refs/remotes/origin/treinoindoor'
2025-11-07 04:58:25.712 [info] > git rev-parse refs/remotes/origin/treinoindoor [2ms]
2025-11-07 04:58:25.730 [info] > git status -z -uall [9ms]
2025-11-07 04:58:25.732 [info] > git for-each-ref --sort -committerdate --format %(refname)%00%(objectname)%00%(*objectname) [3ms]
2025-11-07 04:58:31.685 [info] > git log --oneline --cherry treinoindoor...treinoindoor@{upstream} -- [3ms]
2025-11-07 04:58:32.376 [info] > git pull --tags origin treinoindoor [682ms]
2025-11-07 04:58:32.376 [info] remote: Invalid username or token. Password authentication is not supported for Git operations.
fatal: Authentication failed for 'https://github.com/brexp/studio2.git/'
2025-11-07 04:58:32.397 [info] > git config --get commit.template [10ms]
2025-11-07 04:58:32.399 [info] > git for-each-ref --format=%(refname)%00%(upstream:short)%00%(objectname)%00%(upstream:track)%00%(upstream:remotename)%00%(upstream:remoteref) refs/heads/treinoindoor refs/remotes/treinoindoor [2ms]
2025-11-07 04:58:32.409 [warning] [Git][revParse] Unable to read file: ENOENT: no such file or directory, open '/home/eumathss/studio2/.git/refs/remotes/origin/treinoindoor'
2025-11-07 04:58:32.410 [info] > git rev-parse refs/remotes/origin/treinoindoor [2ms]
2025-11-07 04:58:32.430 [info] > git status -z -uall [11ms]
2025-11-07 04:58:32.432 [info] > git for-each-ref --sort -committerdate --format %(refname)%00%(objectname)%00%(*objectname) [3ms]
2025-11-07 04:58:41.536 [info] > git log --oneline --cherry treinoindoor...treinoindoor@{upstream} -- [3ms]
2025-11-07 04:58:42.235 [info] > git pull --tags origin treinoindoor [689ms]
2025-11-07 04:58:42.235 [info] remote: Invalid username or token. Password authentication is not supported for Git operations.
fatal: Authentication failed for 'https://github.com/brexp/studio2.git/'
2025-11-07 04:58:42.256 [info] > git config --get commit.template [10ms]
2025-11-07 04:58:42.258 [info] > git for-each-ref --format=%(refname)%00%(upstream:short)%00%(objectname)%00%(upstream:track)%00%(upstream:remotename)%00%(upstream:remoteref) refs/heads/treinoindoor refs/remotes/treinoindoor [2ms]
2025-11-07 04:58:42.267 [warning] [Git][revParse] Unable to read file: ENOENT: no such file or directory, open '/home/eumathss/studio2/.git/refs/remotes/origin/treinoindoor'
2025-11-07 04:58:42.269 [info] > git rev-parse refs/remotes/origin/treinoindoor [2ms]
2025-11-07 04:58:42.289 [info] > git status -z -uall [11ms]
2025-11-07 04:58:42.291 [info] > git for-each-ref --sort -committerdate --format %(refname)%00%(objectname)%00%(*objectname) [3ms]
2025-11-07 04:58:47.383 [info] > git diff-tree -r --name-status -z --diff-filter=ADMR --find-renames=50% f1a08232df03cfe0e7fe98c6fbd4085ae12376db 42e888287da298a67b2118ae8635bc58d6e76d15 [3ms]
2025-11-07 04:58:47.569 [info] > git ls-tree -l f1a08232df03cfe0e7fe98c6fbd4085ae12376db -- package-lock.json [13ms]
2025-11-07 04:58:47.572 [info] > git ls-tree -l 42e888287da298a67b2118ae8635bc58d6e76d15 -- package-lock.json [6ms]
2025-11-07 04:58:47.573 [info] > git show --textconv f1a08232df03cfe0e7fe98c6fbd4085ae12376db:package-lock.json [39ms]
2025-11-07 04:58:47.573 [info] > git show --textconv 42e888287da298a67b2118ae8635bc58d6e76d15:package-lock.json [29ms]
2025-11-07 05:00:18.379 [info] > git log --oneline --cherry treinoindoor...treinoindoor@{upstream} -- [4ms]
2025-11-07 05:00:19.112 [info] > git pull --tags origin treinoindoor [722ms]
2025-11-07 05:00:19.112 [info] remote: Invalid username or token. Password authentication is not supported for Git operations.
fatal: Authentication failed for 'https://github.com/brexp/studio2.git/'
2025-11-07 05:00:19.135 [info] > git config --get commit.template [11ms]
2025-11-07 05:00:19.137 [info] > git for-each-ref --format=%(refname)%00%(upstream:short)%00%(objectname)%00%(upstream:track)%00%(upstream:remotename)%00%(upstream:remoteref) refs/heads/treinoindoor refs/remotes/treinoindoor [3ms]
2025-11-07 05:00:19.147 [warning] [Git][revParse] Unable to read file: ENOENT: no such file or directory, open '/home/eumathss/studio2/.git/refs/remotes/origin/treinoindoor'
2025-11-07 05:00:19.149 [info] > git rev-parse refs/remotes/origin/treinoindoor [1ms]
2025-11-07 05:00:19.171 [info] > git status -z -uall [13ms]
2025-11-07 05:00:19.172 [info] > git for-each-ref --sort -committerdate --format %(refname)%00%(objectname)%00%(*objectname) [3ms]
2025-11-07 05:00:19.865 [info] > git ls-tree -l f1a08232df03cfe0e7fe98c6fbd4085ae12376db -- package-lock.json [10ms]
2025-11-07 05:00:19.867 [info] > git ls-tree -l 42e888287da298a67b2118ae8635bc58d6e76d15 -- package-lock.json [3ms]
2025-11-07 05:00:20.025 [info] > git show --textconv f1a08232df03cfe0e7fe98c6fbd4085ae12376db:package-lock.json [13ms]
2025-11-07 05:00:20.030 [info] > git show --textconv 42e888287da298a67b2118ae8635bc58d6e76d15:package-lock.json [9ms]
2025-11-07 05:00:20.867 [info] > git config --get commit.template [11ms]
2025-11-07 05:00:20.868 [info] > git for-each-ref --format=%(refname)%00%(upstream:short)%00%(objectname)%00%(upstream:track)%00%(upstream:remotename)%00%(upstream:remoteref) refs/heads/treinoindoor refs/remotes/treinoindoor [2ms]
2025-11-07 05:00:20.878 [warning] [Git][revParse] Unable to read file: ENOENT: no such file or directory, open '/home/eumathss/studio2/.git/refs/remotes/origin/treinoindoor'
2025-11-07 05:00:20.880 [info] > git rev-parse refs/remotes/origin/treinoindoor [2ms]
2025-11-07 05:00:20.900 [info] > git status -z -uall [11ms]
2025-11-07 05:00:20.902 [info] > git for-each-ref --sort -committerdate --format %(refname)%00%(objectname)%00%(*objectname) [3ms]
2025-11-07 05:01:50.639 [info] > git rev-parse --show-toplevel [4ms]
2025-11-07 05:01:50.639 [info] fatal: not a git repository (or any parent up to mount point /)
Stopping at filesystem boundary (GIT_DISCOVERY_ACROSS_FILESYSTEM not set).
2025-11-07 05:01:50.639 [info] > git log --oneline --cherry treinoindoor...treinoindoor@{upstream} -- [25ms]
2025-11-07 05:01:51.380 [info] > git pull --tags origin treinoindoor [723ms]
2025-11-07 05:01:51.380 [info] remote: Invalid username or token. Password authentication is not supported for Git operations.
fatal: Authentication failed for 'https://github.com/brexp/studio2.git/'
2025-11-07 05:01:51.403 [info] > git config --get commit.template [11ms]
2025-11-07 05:01:51.405 [info] > git for-each-ref --format=%(refname)%00%(upstream:short)%00%(objectname)%00%(upstream:track)%00%(upstream:remotename)%00%(upstream:remoteref) refs/heads/treinoindoor refs/remotes/treinoindoor [2ms]
2025-11-07 05:01:51.416 [warning] [Git][revParse] Unable to read file: ENOENT: no such file or directory, open '/home/eumathss/studio2/.git/refs/remotes/origin/treinoindoor'
2025-11-07 05:01:51.417 [info] > git rev-parse refs/remotes/origin/treinoindoor [2ms]
2025-11-07 05:01:51.438 [info] > git status -z -uall [11ms]
2025-11-07 05:01:51.440 [info] > git for-each-ref --sort -committerdate --format %(refname)%00%(objectname)%00%(*objectname) [3ms]
2025-11-07 05:01:52.139 [info] > git ls-tree -l f1a08232df03cfe0e7fe98c6fbd4085ae12376db -- package-lock.json [11ms]
2025-11-07 05:01:52.140 [info] > git ls-tree -l 42e888287da298a67b2118ae8635bc58d6e76d15 -- package-lock.json [2ms]
2025-11-07 05:01:52.297 [info] > git show --textconv f1a08232df03cfe0e7fe98c6fbd4085ae12376db:package-lock.json [13ms]
2025-11-07 05:01:52.302 [info] > git show --textconv 42e888287da298a67b2118ae8635bc58d6e76d15:package-lock.json [8ms]
2025-11-07 05:01:53.132 [info] > git config --get commit.template [2ms]
2025-11-07 05:01:53.144 [info] > git for-each-ref --format=%(refname)%00%(upstream:short)%00%(objectname)%00%(upstream:track)%00%(upstream:remotename)%00%(upstream:remoteref) refs/heads/treinoindoor refs/remotes/treinoindoor [3ms]
2025-11-07 05:01:53.154 [warning] [Git][revParse] Unable to read file: ENOENT: no such file or directory, open '/home/eumathss/studio2/.git/refs/remotes/origin/treinoindoor'
2025-11-07 05:01:53.155 [info] > git rev-parse refs/remotes/origin/treinoindoor [2ms]
2025-11-07 05:01:53.175 [info] > git status -z -uall [11ms]
2025-11-07 05:01:53.177 [info] > git for-each-ref --sort -committerdate --format %(refname)%00%(objectname)%00%(*objectname) [3ms]
2025-11-07 05:02:01.824 [info] > git for-each-ref --sort -committerdate --format %(refname)%00%(objectname)%00%(*objectname)%00%(parent)%00%(*parent)%00%(authorname)%00%(*authorname)%00%(committerdate:unix)%00%(*committerdate:unix)%00%(subject)%00%(*subject)%00%(upstream:track) [3ms]
2025-11-07 05:02:08.626 [info] > git fetch --all [692ms]
2025-11-07 05:02:08.627 [info] remote: Invalid username or token. Password authentication is not supported for Git operations.
fatal: Authentication failed for 'https://github.com/brexp/studio2.git/'
2025-11-07 05:02:08.648 [info] > git config --get commit.template [10ms]
2025-11-07 05:02:08.650 [info] > git for-each-ref --format=%(refname)%00%(upstream:short)%00%(objectname)%00%(upstream:track)%00%(upstream:remotename)%00%(upstream:remoteref) refs/heads/treinoindoor refs/remotes/treinoindoor [2ms]
2025-11-07 05:02:08.660 [warning] [Git][revParse] Unable to read file: ENOENT: no such file or directory, open '/home/eumathss/studio2/.git/refs/remotes/origin/treinoindoor'
2025-11-07 05:02:08.662 [info] > git rev-parse refs/remotes/origin/treinoindoor [2ms]
2025-11-07 05:02:08.684 [info] > git status -z -uall [13ms]
2025-11-07 05:02:08.685 [info] > git for-each-ref --sort -committerdate --format %(refname)%00%(objectname)%00%(*objectname) [4ms]
2025-11-07 05:02:09.404 [info] > git ls-tree -l f1a08232df03cfe0e7fe98c6fbd4085ae12376db -- package-lock.json [11ms]
2025-11-07 05:02:09.406 [info] > git ls-tree -l 42e888287da298a67b2118ae8635bc58d6e76d15 -- package-lock.json [3ms]
2025-11-07 05:02:09.561 [info] > git show --textconv f1a08232df03cfe0e7fe98c6fbd4085ae12376db:package-lock.json [12ms]
2025-11-07 05:02:09.567 [info] > git show --textconv 42e888287da298a67b2118ae8635bc58d6e76d15:package-lock.json [9ms]
2025-11-07 05:02:10.405 [info] > git config --get commit.template [10ms]
2025-11-07 05:02:10.407 [info] > git for-each-ref --format=%(refname)%00%(upstream:short)%00%(objectname)%00%(upstream:track)%00%(upstream:remotename)%00%(upstream:remoteref) refs/heads/treinoindoor refs/remotes/treinoindoor [3ms]
2025-11-07 05:02:10.417 [warning] [Git][revParse] Unable to read file: ENOENT: no such file or directory, open '/home/eumathss/studio2/.git/refs/remotes/origin/treinoindoor'
2025-11-07 05:02:10.418 [info] > git rev-parse refs/remotes/origin/treinoindoor [1ms]
2025-11-07 05:02:10.438 [info] > git status -z -uall [10ms]
2025-11-07 05:02:10.440 [info] > git for-each-ref --sort -committerdate --format %(refname)%00%(objectname)%00%(*objectname) [3ms]
2025-11-07 05:02:30.098 [info] > git log --format=%H%n%aN%n%aE%n%at%n%ct%n%P%n%D%n%B -z --shortstat --diff-merges=first-parent -n50 --skip=0 --topo-order --decorate=full --stdin [224ms]
2025-11-07 05:02:30.521 [info] > git diff-tree -r --name-status -z --diff-filter=ADMR --find-renames=50% f1a08232df03cfe0e7fe98c6fbd4085ae12376db 42e888287da298a67b2118ae8635bc58d6e76d15 [3ms]
2025-11-07 05:02:34.508 [info] > git log --oneline --cherry treinoindoor...treinoindoor@{upstream} -- [3ms]
2025-11-07 05:02:35.199 [info] > git pull --tags origin treinoindoor [681ms]
2025-11-07 05:02:35.199 [info] remote: Invalid username or token. Password authentication is not supported for Git operations.
fatal: Authentication failed for 'https://github.com/brexp/studio2.git/'
2025-11-07 05:02:35.211 [info] > git config --get commit.template [2ms]
2025-11-07 05:02:35.222 [info] > git for-each-ref --format=%(refname)%00%(upstream:short)%00%(objectname)%00%(upstream:track)%00%(upstream:remotename)%00%(upstream:remoteref) refs/heads/treinoindoor refs/remotes/treinoindoor [2ms]
2025-11-07 05:02:35.231 [warning] [Git][revParse] Unable to read file: ENOENT: no such file or directory, open '/home/eumathss/studio2/.git/refs/remotes/origin/treinoindoor'
2025-11-07 05:02:35.233 [info] > git rev-parse refs/remotes/origin/treinoindoor [2ms]
2025-11-07 05:02:35.251 [info] > git status -z -uall [10ms]
2025-11-07 05:02:35.253 [info] > git for-each-ref --sort -committerdate --format %(refname)%00%(objectname)%00%(*objectname) [3ms]
2025-11-07 05:02:35.992 [info] > git ls-tree -l f1a08232df03cfe0e7fe98c6fbd4085ae12376db -- package-lock.json [10ms]
2025-11-07 05:02:35.994 [info] > git ls-tree -l 42e888287da298a67b2118ae8635bc58d6e76d15 -- package-lock.json [3ms]
2025-11-07 05:02:36.147 [info] > git show --textconv f1a08232df03cfe0e7fe98c6fbd4085ae12376db:package-lock.json [13ms]
2025-11-07 05:02:36.152 [info] > git show --textconv 42e888287da298a67b2118ae8635bc58d6e76d15:package-lock.json [8ms]
2025-11-07 05:02:36.994 [info] > git config --get commit.template [11ms]
2025-11-07 05:02:36.996 [info] > git for-each-ref --format=%(refname)%00%(upstream:short)%00%(objectname)%00%(upstream:track)%00%(upstream:remotename)%00%(upstream:remoteref) refs/heads/treinoindoor refs/remotes/treinoindoor [3ms]
2025-11-07 05:02:37.005 [warning] [Git][revParse] Unable to read file: ENOENT: no such file or directory, open '/home/eumathss/studio2/.git/refs/remotes/origin/treinoindoor'
2025-11-07 05:02:37.007 [info] > git rev-parse refs/remotes/origin/treinoindoor [1ms]
2025-11-07 05:02:37.025 [info] > git status -z -uall [10ms]
2025-11-07 05:02:37.028 [info] > git for-each-ref --sort -committerdate --format %(refname)%00%(objectname)%00%(*objectname) [4ms]
2025-11-07 05:03:57.975 [info] > git ls-tree -l f1a08232df03cfe0e7fe98c6fbd4085ae12376db -- package-lock.json [14ms]
2025-11-07 05:03:57.976 [info] > git ls-tree -l 42e888287da298a67b2118ae8635bc58d6e76d15 -- package-lock.json [6ms]
2025-11-07 05:04:23.059 [info] > git log --format=%H%n%aN%n%aE%n%at%n%ct%n%P%n%D%n%B -z --shortstat --diff-merges=first-parent -n50 --skip=0 --topo-order --decorate=full --stdin [258ms]
2025-11-07 05:04:23.485 [info] > git diff-tree -r --name-status -z --diff-filter=ADMR --find-renames=50% f1a08232df03cfe0e7fe98c6fbd4085ae12376db 42e888287da298a67b2118ae8635bc58d6e76d15 [3ms]
2025-11-07 05:04:24.586 [info] > git log --format=%H%n%aN%n%aE%n%at%n%ct%n%P%n%D%n%B -z --shortstat --diff-merges=first-parent -n50 --skip=0 --topo-order --decorate=full --stdin [221ms]
2025-11-07 05:04:25.003 [info] > git diff-tree -r --name-status -z --diff-filter=ADMR --find-renames=50% f1a08232df03cfe0e7fe98c6fbd4085ae12376db 42e888287da298a67b2118ae8635bc58d6e76d15 [2ms]
2025-11-07 05:04:30.627 [info] > git for-each-ref --sort -committerdate --format %(refname)%00%(objectname)%00%(*objectname) [3ms]
2025-11-07 05:04:36.674 [info] > git for-each-ref --sort -committerdate --format %(refname)%00%(objectname)%00%(*objectname) refs/heads/treinoindoor [2ms]
2025-11-07 05:04:37.040 [info] > git log --format=%H%n%aN%n%aE%n%at%n%ct%n%P%n%D%n%B -z --shortstat --diff-merges=first-parent -n50 --skip=0 --topo-order --decorate=full --stdin [222ms]
2025-11-07 05:04:37.467 [info] > git diff-tree -r --name-status -z --diff-filter=ADMR --find-renames=50% f1a08232df03cfe0e7fe98c6fbd4085ae12376db 42e888287da298a67b2118ae8635bc58d6e76d15 [2ms]
2025-11-07 05:04:39.351 [info] > git log --oneline --cherry treinoindoor...treinoindoor@{upstream} -- [3ms]
2025-11-07 05:04:40.074 [info] > git pull --tags origin treinoindoor [713ms]
2025-11-07 05:04:40.074 [info] remote: Invalid username or token. Password authentication is not supported for Git operations.
fatal: Authentication failed for 'https://github.com/brexp/studio2.git/'
2025-11-07 05:04:40.096 [info] > git config --get commit.template [11ms]
2025-11-07 05:04:40.098 [info] > git for-each-ref --format=%(refname)%00%(upstream:short)%00%(objectname)%00%(upstream:track)%00%(upstream:remotename)%00%(upstream:remoteref) refs/heads/treinoindoor refs/remotes/treinoindoor [3ms]
2025-11-07 05:04:40.108 [warning] [Git][revParse] Unable to read file: ENOENT: no such file or directory, open '/home/eumathss/studio2/.git/refs/remotes/origin/treinoindoor'
2025-11-07 05:04:40.109 [info] > git rev-parse refs/remotes/origin/treinoindoor [1ms]
2025-11-07 05:04:40.131 [info] > git status -z -uall [12ms]
2025-11-07 05:04:40.132 [info] > git for-each-ref --sort -committerdate --format %(refname)%00%(objectname)%00%(*objectname) [3ms]
2025-11-07 05:04:40.834 [info] > git ls-tree -l f1a08232df03cfe0e7fe98c6fbd4085ae12376db -- package-lock.json [11ms]
2025-11-07 05:04:40.835 [info] > git ls-tree -l 42e888287da298a67b2118ae8635bc58d6e76d15 -- package-lock.json [2ms]
2025-11-07 05:04:40.993 [info] > git show --textconv f1a08232df03cfe0e7fe98c6fbd4085ae12376db:package-lock.json [15ms]
2025-11-07 05:04:40.997 [info] > git show --textconv 42e888287da298a67b2118ae8635bc58d6e76d15:package-lock.json [9ms]
2025-11-07 05:04:41.835 [info] > git config --get commit.template [11ms]
2025-11-07 05:04:41.837 [info] > git for-each-ref --format=%(refname)%00%(upstream:short)%00%(objectname)%00%(upstream:track)%00%(upstream:remotename)%00%(upstream:remoteref) refs/heads/treinoindoor refs/remotes/treinoindoor [3ms]
2025-11-07 05:04:41.847 [warning] [Git][revParse] Unable to read file: ENOENT: no such file or directory, open '/home/eumathss/studio2/.git/refs/remotes/origin/treinoindoor'
2025-11-07 05:04:41.849 [info] > git rev-parse refs/remotes/origin/treinoindoor [2ms]
2025-11-07 05:04:41.868 [info] > git status -z -uall [10ms]
2025-11-07 05:04:41.870 [info] > git for-each-ref --sort -committerdate --format %(refname)%00%(objectname)%00%(*objectname) [3ms]
2025-11-07 05:04:50.211 [info] > git -c user.useConfigOnly=true commit --quiet --allow-empty-message --file - --allow-empty [9ms]
2025-11-07 05:04:50.223 [info] > git config --get commit.template [2ms]
2025-11-07 05:04:50.237 [info] > git config --get commit.template [2ms]
2025-11-07 05:04:50.249 [info] > git for-each-ref --format=%(refname)%00%(upstream:short)%00%(objectname)%00%(upstream:track)%00%(upstream:remotename)%00%(upstream:remoteref) refs/heads/treinoindoor refs/remotes/treinoindoor [3ms]
2025-11-07 05:04:50.259 [warning] [Git][revParse] Unable to read file: ENOENT: no such file or directory, open '/home/eumathss/studio2/.git/refs/remotes/origin/treinoindoor'
2025-11-07 05:04:50.261 [info] > git rev-parse refs/remotes/origin/treinoindoor [2ms]
2025-11-07 05:04:50.281 [info] > git status -z -uall [11ms]
2025-11-07 05:04:50.283 [info] > git for-each-ref --sort -committerdate --format %(refname)%00%(objectname)%00%(*objectname) [3ms]
2025-11-07 05:04:50.303 [info] > git merge-base refs/heads/treinoindoor refs/remotes/origin/treinoindoor [6ms]
2025-11-07 05:04:50.316 [info] > git diff --name-status -z --diff-filter=ADMR f1a08232df03cfe0e7fe98c6fbd4085ae12376db...refs/remotes/origin/treinoindoor [3ms]
2025-11-07 05:04:50.512 [info] > git for-each-ref --sort -committerdate --format %(refname)%00%(objectname)%00%(*objectname) refs/heads/treinoindoor [15ms]
2025-11-07 05:04:50.523 [info] > git config --get commit.template [12ms]
2025-11-07 05:04:50.525 [info] > git for-each-ref --format=%(refname)%00%(upstream:short)%00%(objectname)%00%(upstream:track)%00%(upstream:remotename)%00%(upstream:remoteref) refs/heads/treinoindoor refs/remotes/treinoindoor [3ms]
2025-11-07 05:04:50.535 [warning] [Git][revParse] Unable to read file: ENOENT: no such file or directory, open '/home/eumathss/studio2/.git/refs/remotes/origin/treinoindoor'
2025-11-07 05:04:50.537 [info] > git rev-parse refs/remotes/origin/treinoindoor [2ms]
2025-11-07 05:04:50.558 [info] > git status -z -uall [12ms]
2025-11-07 05:04:50.560 [info] > git for-each-ref --sort -committerdate --format %(refname)%00%(objectname)%00%(*objectname) [4ms]
2025-11-07 05:04:50.875 [info] > git log --format=%H%n%aN%n%aE%n%at%n%ct%n%P%n%D%n%B -z --shortstat --diff-merges=first-parent -n50 --skip=0 --topo-order --decorate=full --stdin [220ms]
2025-11-07 05:04:51.164 [info] > git diff-tree -r --name-status -z --diff-filter=ADMR --find-renames=50% f1a08232df03cfe0e7fe98c6fbd4085ae12376db 42e888287da298a67b2118ae8635bc58d6e76d15 [2ms]
2025-11-07 05:04:51.673 [info] > git ls-tree -l f1a08232df03cfe0e7fe98c6fbd4085ae12376db -- package-lock.json [11ms]
2025-11-07 05:04:51.675 [info] > git ls-tree -l 42e888287da298a67b2118ae8635bc58d6e76d15 -- package-lock.json [3ms]
2025-11-07 05:04:51.834 [info] > git show --textconv f1a08232df03cfe0e7fe98c6fbd4085ae12376db:package-lock.json [16ms]
2025-11-07 05:04:51.838 [info] > git show --textconv 42e888287da298a67b2118ae8635bc58d6e76d15:package-lock.json [8ms]
2025-11-07 05:04:52.675 [info] > git config --get commit.template [11ms]
2025-11-07 05:04:52.677 [info] > git for-each-ref --format=%(refname)%00%(upstream:short)%00%(objectname)%00%(upstream:track)%00%(upstream:remotename)%00%(upstream:remoteref) refs/heads/treinoindoor refs/remotes/treinoindoor [3ms]
2025-11-07 05:04:52.687 [warning] [Git][revParse] Unable to read file: ENOENT: no such file or directory, open '/home/eumathss/studio2/.git/refs/remotes/origin/treinoindoor'
2025-11-07 05:04:52.689 [info] > git rev-parse refs/remotes/origin/treinoindoor [2ms]
2025-11-07 05:04:52.708 [info] > git status -z -uall [10ms]
2025-11-07 05:04:52.710 [info] > git for-each-ref --sort -committerdate --format %(refname)%00%(objectname)%00%(*objectname) [3ms]
2025-11-07 05:04:53.253 [info] > git log --oneline --cherry treinoindoor...treinoindoor@{upstream} -- [2ms]
2025-11-07 05:04:53.958 [info] > git pull --tags origin treinoindoor [695ms]
2025-11-07 05:04:53.958 [info] remote: Invalid username or token. Password authentication is not supported for Git operations.
fatal: Authentication failed for 'https://github.com/brexp/studio2.git/'
2025-11-07 05:04:53.980 [info] > git config --get commit.template [11ms]
2025-11-07 05:04:53.982 [info] > git for-each-ref --format=%(refname)%00%(upstream:short)%00%(objectname)%00%(upstream:track)%00%(upstream:remotename)%00%(upstream:remoteref) refs/heads/treinoindoor refs/remotes/treinoindoor [3ms]
2025-11-07 05:04:53.992 [warning] [Git][revParse] Unable to read file: ENOENT: no such file or directory, open '/home/eumathss/studio2/.git/refs/remotes/origin/treinoindoor'
2025-11-07 05:04:53.994 [info] > git rev-parse refs/remotes/origin/treinoindoor [2ms]
2025-11-07 05:04:54.014 [info] > git status -z -uall [11ms]
2025-11-07 05:04:54.016 [info] > git for-each-ref --sort -committerdate --format %(refname)%00%(objectname)%00%(*objectname) [3ms]
2025-11-07 05:04:54.735 [info] > git ls-tree -l f1a08232df03cfe0e7fe98c6fbd4085ae12376db -- package-lock.json [11ms]
2025-11-07 05:04:54.736 [info] > git ls-tree -l 42e888287da298a67b2118ae8635bc58d6e76d15 -- package-lock.json [2ms]
2025-11-07 05:04:54.891 [info] > git show --textconv f1a08232df03cfe0e7fe98c6fbd4085ae12376db:package-lock.json [13ms]
2025-11-07 05:04:54.898 [info] > git show --textconv 42e888287da298a67b2118ae8635bc58d6e76d15:package-lock.json [10ms]
2025-11-07 05:04:57.736 [info] > git config --get commit.template [11ms]
2025-11-07 05:04:57.738 [info] > git for-each-ref --format=%(refname)%00%(upstream:short)%00%(objectname)%00%(upstream:track)%00%(upstream:remotename)%00%(upstream:remoteref) refs/heads/treinoindoor refs/remotes/treinoindoor [3ms]
2025-11-07 05:04:57.748 [warning] [Git][revParse] Unable to read file: ENOENT: no such file or directory, open '/home/eumathss/studio2/.git/refs/remotes/origin/treinoindoor'
2025-11-07 05:04:57.750 [info] > git rev-parse refs/remotes/origin/treinoindoor [2ms]
2025-11-07 05:04:57.770 [info] > git status -z -uall [10ms]
2025-11-07 05:04:57.772 [info] > git for-each-ref --sort -committerdate --format %(refname)%00%(objectname)%00%(*objectname) [3ms]
2025-11-07 05:05:17.645 [info] > git ls-tree -l f1a08232df03cfe0e7fe98c6fbd4085ae12376db -- package-lock.json [14ms]
2025-11-07 05:05:17.646 [info] > git ls-tree -l 42e888287da298a67b2118ae8635bc58d6e76d15 -- package-lock.json [5ms]
2025-11-07 05:05:21.472 [info] > git ls-tree -l f1a08232df03cfe0e7fe98c6fbd4085ae12376db -- package-lock.json [12ms]
2025-11-07 05:05:21.473 [info] > git ls-tree -l 42e888287da298a67b2118ae8635bc58d6e76d15 -- package-lock.json [4ms]
