Initializing document watcher...
Document watcher initialized
eumathss/studio2/CalendarIcon.tsx: {}
eumathss/studio2/CalendarIcon.tsx: {}
eumathss/studio2/CalendarIcon.tsx: {}
eumathss/studio2/CalendarIcon.tsx: {}
eumathss/studio2/CalendarIcon.tsx: {}
eumathss/studio2/CalendarIcon.tsx: {}
eumathss/studio2/CalendarIcon.tsx: {}
eumathss/studio2/CalendarIcon.tsx: {}
eumathss/studio2/CalendarIcon.tsx: {}
eumathss/studio2/CalendarIcon.tsx: {}
eumathss/yarn.lock: {}
eumathss/yarn.lock: {}
/User/settings.json: {}
/User/settings.json: Using EditorConfig core...
/User/settings.json: Using EditorConfig core...
/User/settings.json: {}
/User/settings.json: {}
No more open editors.
/User/settings.json: {}
/User/settings.json: Using EditorConfig core...
/User/settings.json: Using EditorConfig core...
No more open editors.
/User/settings.json: Using EditorConfig core...
/User/settings.json: Using EditorConfig core...
/User/settings.json: {}
/User/settings.json: Using EditorConfig core...
/User/settings.json: {}
/User/settings.json: {}
eumathss/yarn.lock: {}
eumathss/yarn.lock: {}
No more open editors.
No more open editors.
/User/settings.json: {}
/User/settings.json: Using EditorConfig core...
/User/settings.json: Using EditorConfig core...
/User/settings.json: Using EditorConfig core...
