2025-11-07 02:25:10.618 [info] [main] Log level: Info
2025-11-07 02:25:10.618 [info] [main] Validating found git in: "git"
2025-11-07 02:25:10.618 [info] [main] Using git "2.43.0" from "git"
2025-11-07 02:25:10.618 [info] [Model][doInitialScan] Initial repository scan started
2025-11-07 02:25:10.618 [info] > git rev-parse --show-toplevel [29ms]
2025-11-07 02:25:10.618 [info] fatal: not a git repository (or any parent up to mount point /)
Stopping at filesystem boundary (GIT_DISCOVERY_ACROSS_FILESYSTEM not set).
2025-11-07 02:25:10.635 [info] > git rev-parse --show-toplevel [3ms]
2025-11-07 02:25:10.635 [info] fatal: not a git repository (or any parent up to mount point /)
Stopping at filesystem boundary (GIT_DISCOVERY_ACROSS_FILESYSTEM not set).
2025-11-07 02:25:10.647 [info] > git rev-parse --show-toplevel [3ms]
2025-11-07 02:25:10.647 [info] fatal: not a git repository (or any parent up to mount point /)
Stopping at filesystem boundary (GIT_DISCOVERY_ACROSS_FILESYSTEM not set).
2025-11-07 02:25:10.660 [info] > git rev-parse --show-toplevel [3ms]
2025-11-07 02:25:10.660 [info] fatal: not a git repository (or any parent up to mount point /)
Stopping at filesystem boundary (GIT_DISCOVERY_ACROSS_FILESYSTEM not set).
2025-11-07 02:25:10.672 [info] > git rev-parse --show-toplevel [5ms]
2025-11-07 02:25:10.672 [info] fatal: not a git repository (or any parent up to mount point /)
Stopping at filesystem boundary (GIT_DISCOVERY_ACROSS_FILESYSTEM not set).
2025-11-07 02:25:10.684 [info] > git rev-parse --show-toplevel [3ms]
2025-11-07 02:25:10.684 [info] fatal: not a git repository (or any parent up to mount point /)
Stopping at filesystem boundary (GIT_DISCOVERY_ACROSS_FILESYSTEM not set).
2025-11-07 02:25:10.702 [info] > git rev-parse --show-toplevel [6ms]
2025-11-07 02:25:10.702 [info] fatal: not a git repository (or any parent up to mount point /)
Stopping at filesystem boundary (GIT_DISCOVERY_ACROSS_FILESYSTEM not set).
2025-11-07 02:25:10.717 [info] > git rev-parse --show-toplevel [5ms]
2025-11-07 02:25:10.717 [info] fatal: not a git repository (or any parent up to mount point /)
Stopping at filesystem boundary (GIT_DISCOVERY_ACROSS_FILESYSTEM not set).
2025-11-07 02:25:10.730 [info] > git rev-parse --show-toplevel [4ms]
2025-11-07 02:25:10.730 [info] fatal: not a git repository (or any parent up to mount point /)
Stopping at filesystem boundary (GIT_DISCOVERY_ACROSS_FILESYSTEM not set).
2025-11-07 02:25:15.624 [info] > git rev-parse --show-toplevel [4885ms]
2025-11-07 02:25:15.624 [info] fatal: not a git repository (or any parent up to mount point /)
Stopping at filesystem boundary (GIT_DISCOVERY_ACROSS_FILESYSTEM not set).
2025-11-07 02:25:15.654 [info] > git rev-parse --show-toplevel [19ms]
2025-11-07 02:25:15.654 [info] fatal: not a git repository (or any parent up to mount point /)
Stopping at filesystem boundary (GIT_DISCOVERY_ACROSS_FILESYSTEM not set).
2025-11-07 02:25:15.685 [info] > git rev-parse --show-toplevel [18ms]
2025-11-07 02:25:15.685 [info] fatal: not a git repository (or any parent up to mount point /)
Stopping at filesystem boundary (GIT_DISCOVERY_ACROSS_FILESYSTEM not set).
2025-11-07 02:25:15.696 [info] > git rev-parse --show-toplevel [2ms]
2025-11-07 02:25:15.697 [info] fatal: not a git repository (or any parent up to mount point /)
Stopping at filesystem boundary (GIT_DISCOVERY_ACROSS_FILESYSTEM not set).
2025-11-07 02:25:15.734 [info] > git rev-parse --show-toplevel [29ms]
2025-11-07 02:25:15.956 [info] > git rev-parse --git-dir --git-common-dir [213ms]
2025-11-07 02:25:15.972 [info] [Model][openRepository] Opened repository (path): /home/eumathss/studio2
2025-11-07 02:25:15.972 [info] [Model][openRepository] Opened repository (real path): /home/eumathss/studio2
2025-11-07 02:25:15.974 [info] [Model][doInitialScan] Initial repository scan completed - repositories (1), closed repositories (0), parent repositories (0), unsafe repositories (0)
2025-11-07 02:25:15.994 [info] > git config --get commit.template [9ms]
2025-11-07 02:25:16.178 [info] > git for-each-ref --format=%(refname)%00%(upstream:short)%00%(objectname)%00%(upstream:track)%00%(upstream:remotename)%00%(upstream:remoteref) refs/heads/treinoindoor refs/remotes/treinoindoor [169ms]
2025-11-07 02:25:16.193 [warning] [Git][revParse] Unable to read file: ENOENT: no such file or directory, open '/home/eumathss/studio2/.git/refs/remotes/origin/treinoindoor'
2025-11-07 02:25:16.196 [info] > git rev-parse refs/remotes/origin/treinoindoor [3ms]
2025-11-07 02:25:16.421 [info] > git for-each-ref --sort -committerdate --format %(refname)%00%(objectname)%00%(*objectname) [193ms]
2025-11-07 02:25:16.519 [info] > git status -z -uall [309ms]
2025-11-07 02:25:16.555 [info] > git for-each-ref --format=%(refname)%00%(upstream:short)%00%(objectname)%00%(upstream:track)%00%(upstream:remotename)%00%(upstream:remoteref) refs/heads/treinoindoor refs/remotes/treinoindoor [15ms]
2025-11-07 02:25:16.572 [info] > git config --get commit.template [19ms]
2025-11-07 02:25:16.574 [info] > git config --get --local branch.treinoindoor.vscode-merge-base [8ms]
2025-11-07 02:25:16.574 [warning] [Git][config] git config failed: Failed to execute git
2025-11-07 02:25:16.597 [info] > git reflog treinoindoor --grep-reflog=branch: Created from *. [13ms]
2025-11-07 02:25:16.612 [info] > git for-each-ref --format=%(refname)%00%(upstream:short)%00%(objectname)%00%(upstream:track)%00%(upstream:remotename)%00%(upstream:remoteref) refs/heads/treinoindoor refs/remotes/treinoindoor [16ms]
2025-11-07 02:25:16.613 [info] > git for-each-ref --format=%(refname)%00%(upstream:short)%00%(objectname)%00%(upstream:track)%00%(upstream:remotename)%00%(upstream:remoteref) refs/remotes/origin/treinoindoor [5ms]
2025-11-07 02:25:16.640 [warning] [Git][revParse] Unable to read file: ENOENT: no such file or directory, open '/home/eumathss/studio2/.git/refs/remotes/origin/treinoindoor'
2025-11-07 02:25:16.641 [info] > git config --add --local branch.treinoindoor.vscode-merge-base origin/treinoindoor [17ms]
2025-11-07 02:25:16.654 [info] > git rev-parse refs/remotes/origin/treinoindoor [14ms]
2025-11-07 02:25:16.666 [info] > git config --get commit.template [13ms]
2025-11-07 02:25:16.722 [info] > git for-each-ref --format=%(refname)%00%(upstream:short)%00%(objectname)%00%(upstream:track)%00%(upstream:remotename)%00%(upstream:remoteref) refs/heads/treinoindoor refs/remotes/treinoindoor [44ms]
2025-11-07 02:25:16.732 [warning] [Git][revParse] Unable to read file: ENOENT: no such file or directory, open '/home/eumathss/studio2/.git/refs/remotes/origin/treinoindoor'
2025-11-07 02:25:16.735 [info] > git rev-parse refs/remotes/origin/treinoindoor [3ms]
2025-11-07 02:25:16.765 [info] > git for-each-ref --sort -committerdate --format %(refname)%00%(objectname)%00%(*objectname) [4ms]
2025-11-07 02:25:16.777 [info] > git status -z -uall [31ms]
2025-11-07 02:25:16.809 [info] > git merge-base refs/heads/treinoindoor refs/remotes/origin/treinoindoor [15ms]
2025-11-07 02:25:16.824 [info] > git merge-base refs/heads/treinoindoor refs/remotes/origin/treinoindoor [17ms]
2025-11-07 02:25:16.840 [info] > git diff --name-status -z --diff-filter=ADMR f1a08232df03cfe0e7fe98c6fbd4085ae12376db...refs/remotes/origin/treinoindoor [18ms]
2025-11-07 02:25:16.841 [info] > git diff --name-status -z --diff-filter=ADMR f1a08232df03cfe0e7fe98c6fbd4085ae12376db...refs/remotes/origin/treinoindoor [4ms]
2025-11-07 02:30:09.014 [info] > git check-ignore -v -z --stdin [16ms]
2025-11-07 02:30:31.883 [info] > git check-ignore -v -z --stdin [3ms]
2025-11-07 02:30:53.360 [info] > git config --get commit.template [11ms]
2025-11-07 02:30:53.363 [info] > git for-each-ref --format=%(refname)%00%(upstream:short)%00%(objectname)%00%(upstream:track)%00%(upstream:remotename)%00%(upstream:remoteref) refs/heads/treinoindoor refs/remotes/treinoindoor [4ms]
2025-11-07 02:30:53.373 [warning] [Git][revParse] Unable to read file: ENOENT: no such file or directory, open '/home/eumathss/studio2/.git/refs/remotes/origin/treinoindoor'
2025-11-07 02:30:53.375 [info] > git rev-parse refs/remotes/origin/treinoindoor [2ms]
2025-11-07 02:30:53.398 [info] > git for-each-ref --sort -committerdate --format %(refname)%00%(objectname)%00%(*objectname) [3ms]
2025-11-07 02:30:53.408 [info] > git status -z -uall [23ms]
2025-11-07 02:31:42.128 [info] > git check-ignore -v -z --stdin [3ms]
2025-11-07 02:31:42.220 [info] > git config --get commit.template [198ms]
2025-11-07 02:31:42.484 [info] > git for-each-ref --format=%(refname)%00%(upstream:short)%00%(objectname)%00%(upstream:track)%00%(upstream:remotename)%00%(upstream:remoteref) refs/heads/treinoindoor refs/remotes/treinoindoor [167ms]
2025-11-07 02:31:42.504 [warning] [Git][revParse] Unable to read file: ENOENT: no such file or directory, open '/home/eumathss/studio2/.git/refs/remotes/origin/treinoindoor'
2025-11-07 02:31:42.669 [info] > git rev-parse refs/remotes/origin/treinoindoor [165ms]
2025-11-07 02:31:42.706 [info] > git for-each-ref --sort -committerdate --format %(refname)%00%(objectname)%00%(*objectname) [16ms]
2025-11-07 02:31:42.790 [info] > git status -z -uall [112ms]
2025-11-07 02:31:47.889 [info] > git config --get commit.template [10ms]
2025-11-07 02:31:47.891 [info] > git for-each-ref --format=%(refname)%00%(upstream:short)%00%(objectname)%00%(upstream:track)%00%(upstream:remotename)%00%(upstream:remoteref) refs/heads/treinoindoor refs/remotes/treinoindoor [3ms]
2025-11-07 02:31:47.901 [warning] [Git][revParse] Unable to read file: ENOENT: no such file or directory, open '/home/eumathss/studio2/.git/refs/remotes/origin/treinoindoor'
2025-11-07 02:31:47.903 [info] > git rev-parse refs/remotes/origin/treinoindoor [2ms]
2025-11-07 02:31:47.929 [info] > git for-each-ref --sort -committerdate --format %(refname)%00%(objectname)%00%(*objectname) [3ms]
2025-11-07 02:31:47.937 [info] > git status -z -uall [24ms]
2025-11-07 03:05:43.659 [info] > git config --get commit.template [10ms]
2025-11-07 03:05:43.661 [info] > git for-each-ref --format=%(refname)%00%(upstream:short)%00%(objectname)%00%(upstream:track)%00%(upstream:remotename)%00%(upstream:remoteref) refs/heads/treinoindoor refs/remotes/treinoindoor [3ms]
2025-11-07 03:05:43.671 [warning] [Git][revParse] Unable to read file: ENOENT: no such file or directory, open '/home/eumathss/studio2/.git/refs/remotes/origin/treinoindoor'
2025-11-07 03:05:43.673 [info] > git rev-parse refs/remotes/origin/treinoindoor [2ms]
2025-11-07 03:05:43.696 [info] > git for-each-ref --sort -committerdate --format %(refname)%00%(objectname)%00%(*objectname) [3ms]
2025-11-07 03:05:43.707 [info] > git status -z -uall [25ms]
2025-11-07 03:05:48.723 [info] > git config --get commit.template [3ms]
2025-11-07 03:05:48.736 [info] > git for-each-ref --format=%(refname)%00%(upstream:short)%00%(objectname)%00%(upstream:track)%00%(upstream:remotename)%00%(upstream:remoteref) refs/heads/treinoindoor refs/remotes/treinoindoor [3ms]
2025-11-07 03:05:48.745 [warning] [Git][revParse] Unable to read file: ENOENT: no such file or directory, open '/home/eumathss/studio2/.git/refs/remotes/origin/treinoindoor'
2025-11-07 03:05:48.747 [info] > git rev-parse refs/remotes/origin/treinoindoor [2ms]
2025-11-07 03:05:48.773 [info] > git for-each-ref --sort -committerdate --format %(refname)%00%(objectname)%00%(*objectname) [4ms]
2025-11-07 03:05:48.784 [info] > git status -z -uall [25ms]
