2025-11-11 18:33:01.291 [info] [main] Log level: Info
2025-11-11 18:33:01.291 [info] [main] Validating found git in: "git"
2025-11-11 18:33:01.291 [info] [main] Using git "2.43.0" from "git"
2025-11-11 18:33:01.291 [info] [Model][doInitialScan] Initial repository scan started
2025-11-11 18:33:01.303 [info] > git rev-parse --show-toplevel [40ms]
2025-11-11 18:33:05.963 [info] > git rev-parse --git-dir --git-common-dir --show-superproject-working-tree [4651ms]
2025-11-11 18:33:05.976 [info] [Model][openRepository] Opened repository (path): /home/eumathss
2025-11-11 18:33:05.976 [info] [Model][openRepository] Opened repository (real path): /home/eumathss
2025-11-11 18:33:05.976 [info] [Model][openRepository] Opened repository (kind): repository
2025-11-11 18:33:06.199 [info] > git rev-parse --show-toplevel [201ms]
2025-11-11 18:33:06.200 [info] > git config --get commit.template [210ms]
2025-11-11 18:33:06.253 [info] [Git][getRemotes] No remotes found in the git config file
2025-11-11 18:33:06.257 [info] > git rev-parse --show-toplevel [35ms]
2025-11-11 18:33:06.292 [info] > git for-each-ref --format=%(refname)%00%(upstream:short)%00%(objectname)%00%(upstream:track)%00%(upstream:remotename)%00%(upstream:remoteref) refs/heads/main refs/remotes/main [40ms]
2025-11-11 18:33:06.293 [warning] [Git][getBranch] No such branch: main
2025-11-11 18:33:06.314 [info] > git rev-parse --show-toplevel [32ms]
2025-11-11 18:33:06.315 [info] > git for-each-ref --sort -committerdate --format %(refname)%00%(objectname)%00%(*objectname) [4ms]
2025-11-11 18:33:06.364 [info] > git rev-parse --show-toplevel [37ms]
2025-11-11 18:33:06.379 [info] > git rev-parse --show-toplevel [3ms]
2025-11-11 18:33:06.395 [info] > git rev-parse --show-toplevel [3ms]
2025-11-11 18:33:06.424 [info] > git rev-parse --show-toplevel [15ms]
2025-11-11 18:33:06.445 [info] > git rev-parse --show-toplevel [10ms]
2025-11-11 18:33:06.459 [info] > git rev-parse --show-toplevel [3ms]
2025-11-11 18:33:06.508 [info] > git rev-parse --show-toplevel [40ms]
2025-11-11 18:33:06.546 [info] > git rev-parse --show-toplevel [2ms]
2025-11-11 18:33:06.616 [info] > git rev-parse --show-toplevel [58ms]
2025-11-11 18:33:06.616 [info] [Model][doInitialScan] Initial repository scan completed - repositories (1), closed repositories (0), parent repositories (0), unsafe repositories (0)
2025-11-11 18:33:35.432 [info] > git status -z -uall [29130ms] (cancelled)
2025-11-11 18:33:35.433 [info] > git check-ignore -v -z --stdin [2ms]
2025-11-11 18:33:37.341 [info] > git for-each-ref --format=%(refname)%00%(upstream:short)%00%(objectname)%00%(upstream:track)%00%(upstream:remotename)%00%(upstream:remoteref) refs/heads/main refs/remotes/main [1742ms]
2025-11-11 18:33:37.341 [warning] [Git][getBranch] No such branch: main
2025-11-11 18:33:37.342 [error] [GitHistoryProvider][resolveHEADMergeBase] Failed to resolve merge base for main: Error: No such branch: main.
2025-11-11 18:33:37.368 [info] > git config --get commit.template [36ms]
2025-11-11 18:33:37.393 [info] [Git][getRemotes] No remotes found in the git config file
2025-11-11 18:33:37.394 [info] > git for-each-ref --format=%(refname)%00%(upstream:short)%00%(objectname)%00%(upstream:track)%00%(upstream:remotename)%00%(upstream:remoteref) refs/heads/main refs/remotes/main [5ms]
2025-11-11 18:33:37.394 [warning] [Git][getBranch] No such branch: main
2025-11-11 18:33:37.440 [info] > git for-each-ref --sort -committerdate --format %(refname)%00%(objectname)%00%(*objectname) [2ms]
2025-11-11 18:33:37.797 [info] > git status -z -uall [384ms] (cancelled)
2025-11-11 18:33:37.798 [info] > git check-ignore -v -z --stdin [2ms]
2025-11-11 18:35:12.717 [info] > git log --format=%H%n%aN%n%aE%n%at%n%ct%n%P%n%D%n%B -z --shortstat --diff-merges=first-parent -n50 --skip=0 --topo-order --decorate=full --stdin [34ms]
2025-11-11 18:35:12.717 [info] fatal: bad revision 'refs/heads/main'
2025-11-11 18:35:12.718 [error] [GitHistoryProvider][provideHistoryItems] Failed to get history items with options '{"historyItemRefs":["refs/heads/main"],"limit":50,"skip":0}': Failed to execute git {
  "exitCode": 128,
  "gitCommand": "log",
  "stdout": "",
  "stderr": "fatal: bad revision 'refs/heads/main'\n"
}
2025-11-11 18:35:13.207 [info] > git check-ignore -v -z --stdin [3ms]
2025-11-11 18:35:15.178 [info] > git for-each-ref --sort -committerdate --format %(refname)%00%(objectname)%00%(*objectname)%00%(parent)%00%(*parent)%00%(authorname)%00%(*authorname)%00%(committerdate:unix)%00%(*committerdate:unix)%00%(subject)%00%(*subject)%00%(upstream:track) [3ms]
2025-11-11 18:44:25.250 [info] > git check-ignore -v -z --stdin [3ms]
2025-11-11 18:44:27.846 [info] > git log --format=%H%n%aN%n%aE%n%at%n%ct%n%P%n%D%n%B -z --shortstat --diff-merges=first-parent -n50 --skip=0 --topo-order --decorate=full --stdin [3ms]
2025-11-11 18:44:27.846 [info] fatal: bad revision 'refs/heads/main'
2025-11-11 18:44:27.847 [error] [GitHistoryProvider][provideHistoryItems] Failed to get history items with options '{"historyItemRefs":["refs/heads/main"],"limit":50,"skip":0}': Failed to execute git {
  "exitCode": 128,
  "gitCommand": "log",
  "stdout": "",
  "stderr": "fatal: bad revision 'refs/heads/main'\n"
}
2025-11-11 18:44:39.065 [info] > git for-each-ref --sort -committerdate --format %(refname)%00%(objectname)%00%(*objectname)%00%(parent)%00%(*parent)%00%(authorname)%00%(*authorname)%00%(committerdate:unix)%00%(*committerdate:unix)%00%(subject)%00%(*subject)%00%(upstream:track) [2ms]
2025-11-11 18:45:42.869 [info] > git for-each-ref --sort -committerdate --format %(refname)%00%(objectname)%00%(*objectname)%00%(parent)%00%(*parent)%00%(authorname)%00%(*authorname)%00%(committerdate:unix)%00%(*committerdate:unix)%00%(subject)%00%(*subject)%00%(upstream:track) [3ms]
2025-11-11 18:45:45.431 [info] > git for-each-ref --sort -committerdate --format %(refname)%00%(objectname)%00%(*objectname) refs/heads [2ms]
2025-11-11 18:45:49.113 [info] > git checkout -q -b mymon --no-track HEAD [2ms]
2025-11-11 18:45:49.114 [info] fatal: 'HEAD' is not a commit and a branch 'mymon' cannot be created from it
2025-11-11 18:45:49.126 [info] > git config --get commit.template [2ms]
2025-11-11 18:45:49.135 [info] [Git][getRemotes] No remotes found in the git config file
2025-11-11 18:45:49.136 [info] > git for-each-ref --format=%(refname)%00%(upstream:short)%00%(objectname)%00%(upstream:track)%00%(upstream:remotename)%00%(upstream:remoteref) refs/heads/main refs/remotes/main [2ms]
2025-11-11 18:45:49.137 [warning] [Git][getBranch] No such branch: main
2025-11-11 18:45:49.157 [info] > git for-each-ref --sort -committerdate --format %(refname)%00%(objectname)%00%(*objectname) [3ms]
2025-11-11 18:45:49.539 [info] > git status -z -uall [394ms] (cancelled)
2025-11-11 18:50:15.547 [info] > git log --format=%H%n%aN%n%aE%n%at%n%ct%n%P%n%D%n%B -z --shortstat --diff-merges=first-parent -n50 --skip=0 --topo-order --decorate=full --stdin [3ms]
2025-11-11 18:50:15.547 [info] fatal: bad revision 'refs/heads/main'
2025-11-11 18:50:15.548 [error] [GitHistoryProvider][provideHistoryItems] Failed to get history items with options '{"historyItemRefs":["refs/heads/main"],"limit":50,"skip":0}': Failed to execute git {
  "exitCode": 128,
  "gitCommand": "log",
  "stdout": "",
  "stderr": "fatal: bad revision 'refs/heads/main'\n"
}
2025-11-11 18:50:16.726 [info] > git log --format=%H%n%aN%n%aE%n%at%n%ct%n%P%n%D%n%B -z --shortstat --diff-merges=first-parent -n50 --skip=0 --topo-order --decorate=full --stdin [3ms]
2025-11-11 18:50:16.726 [info] fatal: bad revision 'refs/heads/main'
2025-11-11 18:50:16.727 [error] [GitHistoryProvider][provideHistoryItems] Failed to get history items with options '{"historyItemRefs":["refs/heads/main"],"limit":50,"skip":0}': Failed to execute git {
  "exitCode": 128,
  "gitCommand": "log",
  "stdout": "",
  "stderr": "fatal: bad revision 'refs/heads/main'\n"
}
2025-11-11 18:51:28.408 [info] > git add -A -- . [150557ms]
2025-11-11 18:51:28.408 [info] warning: adding embedded git repository: studio2
hint: You've added another git repository inside your current repository.
hint: Clones of the outer repository will not contain the contents of
hint: the embedded repository and will not know how to obtain it.
hint: If you meant to add a submodule, use:
hint: 
hint: 	git submodule add <url> studio2
hint: 
hint: If you added this path by mistake, you can remove it from the
hint: index with:
hint: 
hint: 	git rm --cached studio2
hint: 
hint: See "git help submodule" for more information.
2025-11-11 18:51:30.368 [info] > git -c user.useConfigOnly=true commit --quiet --allow-empty-message --file - [1951ms]
2025-11-11 18:51:30.378 [info] > git config --get commit.template [2ms]
2025-11-11 18:51:30.402 [info] [Git][getRemotes] No remotes found in the git config file
2025-11-11 18:51:30.403 [info] > git config --get commit.template [13ms]
2025-11-11 18:51:30.404 [info] > git for-each-ref --format=%(refname)%00%(upstream:short)%00%(objectname)%00%(upstream:track)%00%(upstream:remotename)%00%(upstream:remoteref) refs/heads/main refs/remotes/main [3ms]
2025-11-11 18:51:30.446 [info] > git for-each-ref --sort -committerdate --format %(refname)%00%(objectname)%00%(*objectname) [17ms]
2025-11-11 18:51:30.741 [info] > git status -z -uall [328ms]
2025-11-11 18:51:32.283 [info] [Git][getRemotes] No remotes found in the git config file
2025-11-11 18:51:32.287 [info] > git for-each-ref --format=%(refname)%00%(upstream:short)%00%(objectname)%00%(upstream:track)%00%(upstream:remotename)%00%(upstream:remoteref) refs/heads/main refs/remotes/main [4ms]
2025-11-11 18:51:32.287 [info] > git config --get commit.template [13ms]
2025-11-11 18:51:32.313 [info] > git for-each-ref --sort -committerdate --format %(refname)%00%(objectname)%00%(*objectname) [3ms]
2025-11-11 18:51:32.814 [info] > git status -z -uall [519ms]
2025-11-11 18:51:32.983 [info] > git check-ignore -v -z --stdin [36ms]
2025-11-11 18:51:33.604 [info] > git check-ignore -v -z --stdin [25ms]
2025-11-11 18:51:38.316 [info] > git log --format=%H%n%aN%n%aE%n%at%n%ct%n%P%n%D%n%B -z --shortstat --diff-merges=first-parent -n50 --skip=0 --topo-order --decorate=full --stdin [6061ms]
2025-11-11 18:53:29.040 [info] [Git][getRemotes] No remotes found in the git config file
2025-11-11 18:53:29.041 [info] > git config --get commit.template [11ms]
2025-11-11 18:53:29.042 [info] > git for-each-ref --format=%(refname)%00%(upstream:short)%00%(objectname)%00%(upstream:track)%00%(upstream:remotename)%00%(upstream:remoteref) refs/heads/main refs/remotes/main [3ms]
2025-11-11 18:53:29.063 [info] > git for-each-ref --sort -committerdate --format %(refname)%00%(objectname)%00%(*objectname) [4ms]
2025-11-11 18:53:29.429 [info] > git status -z -uall [378ms]
2025-11-11 18:53:34.452 [info] [Git][getRemotes] No remotes found in the git config file
2025-11-11 18:53:34.455 [info] > git config --get commit.template [13ms]
2025-11-11 18:53:34.455 [info] > git for-each-ref --format=%(refname)%00%(upstream:short)%00%(objectname)%00%(upstream:track)%00%(upstream:remotename)%00%(upstream:remoteref) refs/heads/main refs/remotes/main [4ms]
2025-11-11 18:53:34.495 [info] > git for-each-ref --sort -committerdate --format %(refname)%00%(objectname)%00%(*objectname) [22ms]
2025-11-11 18:53:34.769 [info] > git status -z -uall [305ms]
2025-11-11 18:53:39.791 [info] [Git][getRemotes] No remotes found in the git config file
2025-11-11 18:53:39.792 [info] > git config --get commit.template [10ms]
2025-11-11 18:53:39.794 [info] > git for-each-ref --format=%(refname)%00%(upstream:short)%00%(objectname)%00%(upstream:track)%00%(upstream:remotename)%00%(upstream:remoteref) refs/heads/main refs/remotes/main [2ms]
2025-11-11 18:53:39.815 [info] > git for-each-ref --sort -committerdate --format %(refname)%00%(objectname)%00%(*objectname) [4ms]
2025-11-11 18:53:40.113 [info] > git status -z -uall [311ms]
2025-11-11 18:53:40.876 [info] > git check-ignore -v -z --stdin [13ms]
2025-11-11 18:53:43.279 [info] > git remote add newname https://github.com/brexp/infra.git [6ms]
2025-11-11 18:53:43.302 [info] > git config --get commit.template [13ms]
2025-11-11 18:53:43.303 [info] > git for-each-ref --format=%(refname)%00%(upstream:short)%00%(objectname)%00%(upstream:track)%00%(upstream:remotename)%00%(upstream:remoteref) refs/heads/main refs/remotes/main [2ms]
2025-11-11 18:53:43.338 [info] > git for-each-ref --sort -committerdate --format %(refname)%00%(objectname)%00%(*objectname) [17ms]
2025-11-11 18:53:43.608 [info] > git status -z -uall [296ms]
2025-11-11 18:53:43.895 [info] > git fetch newname [276ms]
2025-11-11 18:53:43.914 [info] > git config --get commit.template [9ms]
2025-11-11 18:53:43.916 [info] > git for-each-ref --format=%(refname)%00%(upstream:short)%00%(objectname)%00%(upstream:track)%00%(upstream:remotename)%00%(upstream:remoteref) refs/heads/main refs/remotes/main [3ms]
2025-11-11 18:53:43.935 [info] > git for-each-ref --sort -committerdate --format %(refname)%00%(objectname)%00%(*objectname) [3ms]
2025-11-11 18:53:44.228 [info] > git status -z -uall [304ms]
2025-11-11 18:53:45.135 [info] > git config --get commit.template [9ms]
2025-11-11 18:53:45.136 [info] > git for-each-ref --format=%(refname)%00%(upstream:short)%00%(objectname)%00%(upstream:track)%00%(upstream:remotename)%00%(upstream:remoteref) refs/heads/main refs/remotes/main [2ms]
2025-11-11 18:53:45.162 [info] > git for-each-ref --sort -committerdate --format %(refname)%00%(objectname)%00%(*objectname) [8ms]
2025-11-11 18:53:45.438 [info] > git status -z -uall [293ms]
2025-11-11 18:53:47.881 [info] > git fetch [223ms]
2025-11-11 18:53:47.903 [info] > git config --get commit.template [11ms]
2025-11-11 18:53:47.905 [info] > git for-each-ref --format=%(refname)%00%(upstream:short)%00%(objectname)%00%(upstream:track)%00%(upstream:remotename)%00%(upstream:remoteref) refs/heads/main refs/remotes/main [3ms]
2025-11-11 18:53:47.931 [info] > git for-each-ref --sort -committerdate --format %(refname)%00%(objectname)%00%(*objectname) [4ms]
2025-11-11 18:53:48.267 [info] > git status -z -uall [353ms]
2025-11-11 18:53:49.057 [info] > git check-ignore -v -z --stdin [17ms]
2025-11-11 18:54:18.575 [info] > git config --get commit.template [10ms]
2025-11-11 18:54:18.577 [info] > git for-each-ref --format=%(refname)%00%(upstream:short)%00%(objectname)%00%(upstream:track)%00%(upstream:remotename)%00%(upstream:remoteref) refs/heads/main refs/remotes/main [2ms]
2025-11-11 18:54:18.597 [info] > git for-each-ref --sort -committerdate --format %(refname)%00%(objectname)%00%(*objectname) [3ms]
2025-11-11 18:54:18.877 [info] > git status -z -uall [292ms]
2025-11-11 18:55:53.890 [info] > git config --get commit.template [10ms]
2025-11-11 18:55:53.891 [info] > git for-each-ref --format=%(refname)%00%(upstream:short)%00%(objectname)%00%(upstream:track)%00%(upstream:remotename)%00%(upstream:remoteref) refs/heads/main refs/remotes/main [2ms]
2025-11-11 18:55:53.911 [info] > git for-each-ref --sort -committerdate --format %(refname)%00%(objectname)%00%(*objectname) [4ms]
2025-11-11 18:55:54.193 [info] > git status -z -uall [294ms]
2025-11-11 18:56:27.064 [info] > git config --get commit.template [9ms]
2025-11-11 18:56:27.065 [info] > git for-each-ref --format=%(refname)%00%(upstream:short)%00%(objectname)%00%(upstream:track)%00%(upstream:remotename)%00%(upstream:remoteref) refs/heads/main refs/remotes/main [2ms]
2025-11-11 18:56:27.085 [info] > git for-each-ref --sort -committerdate --format %(refname)%00%(objectname)%00%(*objectname) [3ms]
2025-11-11 18:56:27.369 [info] > git status -z -uall [295ms]
2025-11-11 18:56:32.406 [info] > git config --get commit.template [19ms]
2025-11-11 18:56:32.409 [info] > git for-each-ref --format=%(refname)%00%(upstream:short)%00%(objectname)%00%(upstream:track)%00%(upstream:remotename)%00%(upstream:remoteref) refs/heads/main refs/remotes/main [9ms]
2025-11-11 18:56:32.442 [info] > git for-each-ref --sort -committerdate --format %(refname)%00%(objectname)%00%(*objectname) [8ms]
2025-11-11 18:56:32.725 [info] > git status -z -uall [303ms]
