2025-11-09 17:46:57.557 [info] Reading sessions from keychain...
2025-11-09 17:46:57.557 [info] Getting sessions for all scopes...
2025-11-09 17:46:57.557 [info] Got 0 sessions for ...
2025-11-09 17:46:57.557 [info] Getting sessions for all scopes...
2025-11-09 17:46:57.557 [info] Got 0 sessions for ...
2025-11-09 17:46:57.557 [info] Getting sessions for all scopes...
2025-11-09 17:46:57.557 [info] Got 0 sessions for ...
2025-11-09 17:46:57.557 [info] Getting sessions for all scopes...
2025-11-09 17:46:57.557 [info] Got 0 sessions for ...
2025-11-09 17:46:58.136 [info] Getting sessions for read:user,repo,user:email,workflow...
2025-11-09 17:46:58.136 [info] Got 0 sessions for read:user,repo,user:email,workflow...
2025-11-09 17:47:29.311 [info] Getting sessions for read:user,repo,user:email,workflow...
2025-11-09 17:47:29.311 [info] Got 0 sessions for read:user,repo,user:email,workflow...
2025-11-09 17:47:30.599 [info] Getting sessions for read:user,repo,user:email,workflow...
2025-11-09 17:47:30.599 [info] Got 0 sessions for read:user,repo,user:email,workflow...
2025-11-09 17:47:32.107 [info] Logging in with 'any' account...
2025-11-09 17:47:32.107 [info] Logging in for the following scopes: read:user repo user:email workflow
2025-11-09 17:47:32.380 [info] Trying device code flow... (read:user repo user:email workflow)
2025-11-09 17:48:28.366 [info] Getting user info...
2025-11-09 17:48:28.640 [info] Got account info!
2025-11-09 17:48:28.641 [info] Storing 1 sessions...
2025-11-09 17:48:28.770 [info] Reading sessions from keychain...
2025-11-09 17:48:28.770 [info] Stored 1 sessions!
2025-11-09 17:48:28.770 [info] Login success!
2025-11-09 17:48:28.899 [info] Got stored sessions!
2025-11-09 17:48:28.899 [info] Got 1 verified sessions.
2025-11-09 17:48:29.151 [info] Getting sessions for read:user,repo,user:email,workflow...
2025-11-09 17:48:29.151 [info] Got 1 sessions for read:user,repo,user:email,workflow...
2025-11-09 17:48:59.138 [info] Getting sessions for read:user,repo,user:email,workflow...
2025-11-09 17:48:59.138 [info] Got 1 sessions for read:user,repo,user:email,workflow...
2025-11-09 17:49:04.741 [info] Getting sessions for read:user,repo,user:email,workflow...
2025-11-09 17:49:04.741 [info] Got 1 sessions for read:user,repo,user:email,workflow...
2025-11-09 17:49:09.314 [info] Getting sessions for read:user,repo,user:email,workflow...
2025-11-09 17:49:09.314 [info] Got 1 sessions for read:user,repo,user:email,workflow...
2025-11-09 17:49:14.579 [info] Getting sessions for read:user,repo,user:email,workflow...
2025-11-09 17:49:14.579 [info] Got 1 sessions for read:user,repo,user:email,workflow...
