2025-11-11 18:41:25.523 [info] Reading sessions from keychain...
2025-11-11 18:41:25.523 [info] Getting sessions for all scopes...
2025-11-11 18:41:25.523 [info] Got 0 sessions for ...
2025-11-11 18:41:25.523 [info] Getting sessions for all scopes...
2025-11-11 18:41:25.523 [info] Got 0 sessions for ...
2025-11-11 18:41:25.523 [info] Getting sessions for all scopes...
2025-11-11 18:41:25.523 [info] Got 0 sessions for ...
2025-11-11 18:41:25.523 [info] Getting sessions for all scopes...
2025-11-11 18:41:25.523 [info] Got 0 sessions for ...
2025-11-11 18:41:25.644 [info] Getting sessions for read:user,repo,user:email,workflow...
2025-11-11 18:41:25.644 [info] Got 0 sessions for read:user,repo,user:email,workflow...
2025-11-11 18:42:36.483 [info] Logging in with 'any' account...
2025-11-11 18:42:36.483 [info] Logging in for the following scopes: read:user repo user:email workflow
2025-11-11 18:42:36.736 [info] Trying device code flow... (read:user repo user:email workflow)
2025-11-11 18:43:00.339 [info] Getting user info...
2025-11-11 18:43:00.642 [info] Got account info!
2025-11-11 18:43:00.643 [info] Storing 1 sessions...
2025-11-11 18:43:00.773 [info] Reading sessions from keychain...
2025-11-11 18:43:00.773 [info] Stored 1 sessions!
2025-11-11 18:43:00.773 [info] Login success!
2025-11-11 18:43:00.909 [info] Got stored sessions!
2025-11-11 18:43:00.909 [info] Got 1 verified sessions.
2025-11-11 18:53:34.720 [info] Getting sessions for read:user,repo,user:email,workflow...
2025-11-11 18:53:34.720 [info] Got 1 sessions for read:user,repo,user:email,workflow...
