2025-11-07 04:49:13.373 [info] Reading sessions from keychain...
2025-11-07 04:49:13.373 [info] Got stored sessions!
2025-11-07 04:49:13.373 [info] Got 1 verified sessions.
2025-11-07 04:49:13.373 [info] Getting sessions for all scopes...
2025-11-07 04:49:13.373 [info] Got 1 sessions for ...
2025-11-07 04:49:13.373 [info] Getting sessions for all scopes...
2025-11-07 04:49:13.373 [info] Got 1 sessions for ...
2025-11-07 04:49:13.373 [info] Getting sessions for all scopes...
2025-11-07 04:49:13.373 [info] Got 1 sessions for ...
2025-11-07 04:49:13.373 [info] Getting sessions for all scopes...
2025-11-07 04:49:13.373 [info] Got 1 sessions for ...
2025-11-07 04:49:13.483 [info] Getting sessions for read:user,repo,user:email,workflow...
2025-11-07 04:49:13.484 [info] Got 1 sessions for read:user,repo,user:email,workflow...
2025-11-07 04:57:56.823 [info] Getting sessions for read:user,repo,user:email,workflow...
2025-11-07 04:57:56.823 [info] Got 1 sessions for read:user,repo,user:email,workflow...
2025-11-07 04:58:25.437 [info] Getting sessions for read:user,repo,user:email,workflow...
2025-11-07 04:58:25.437 [info] Got 1 sessions for read:user,repo,user:email,workflow...
2025-11-07 04:58:32.137 [info] Getting sessions for read:user,repo,user:email,workflow...
2025-11-07 04:58:32.137 [info] Got 1 sessions for read:user,repo,user:email,workflow...
2025-11-07 04:58:41.995 [info] Getting sessions for read:user,repo,user:email,workflow...
2025-11-07 04:58:41.995 [info] Got 1 sessions for read:user,repo,user:email,workflow...
2025-11-07 05:00:18.869 [info] Getting sessions for read:user,repo,user:email,workflow...
2025-11-07 05:00:18.869 [info] Got 1 sessions for read:user,repo,user:email,workflow...
2025-11-07 05:01:51.124 [info] Getting sessions for read:user,repo,user:email,workflow...
2025-11-07 05:01:51.124 [info] Got 1 sessions for read:user,repo,user:email,workflow...
2025-11-07 05:02:08.384 [info] Getting sessions for read:user,repo,user:email,workflow...
2025-11-07 05:02:08.384 [info] Got 1 sessions for read:user,repo,user:email,workflow...
2025-11-07 05:02:34.959 [info] Getting sessions for read:user,repo,user:email,workflow...
2025-11-07 05:02:34.959 [info] Got 1 sessions for read:user,repo,user:email,workflow...
2025-11-07 05:04:39.820 [info] Getting sessions for read:user,repo,user:email,workflow...
2025-11-07 05:04:39.820 [info] Got 1 sessions for read:user,repo,user:email,workflow...
2025-11-07 05:04:53.702 [info] Getting sessions for read:user,repo,user:email,workflow...
2025-11-07 05:04:53.702 [info] Got 1 sessions for read:user,repo,user:email,workflow...
