[Info  - 4:02:55 AM] 2025/11/07 04:02:55 Created View (#1)
	directory=/home/eumathss
	view_type="AdHoc"
	root_dir="file:///home/eumathss"
	go_version="go version go1.25.3 linux/amd64"
	build_flags=[]
	env={GOOS:linux GOARCH:amd64 GOCACHE:/home/eumathss/.cache/go-build GOMODCACHE:/home/eumathss/gopath/pkg/mod GOPATH:/home/eumathss/gopath:/google/gopath GOPRIVATE: GOFLAGS: GO111MODULE: GOTOOLCHAIN:auto GOROOT:/usr/local/go GoVersion:25 GoVersionOutput:go version go1.25.3 linux/amd64
 ExplicitGOWORK: EffectiveGOPACKAGESDRIVER:}
	env_overlay=[]

[Info  - 4:02:55 AM] 2025/11/07 04:02:55 go/packages.Load #1
	view_id="1"
	snapshot=0
	directory=/home/eumathss
	query=[./ builtin]
	packages=2
	duration=32.892875ms

[Info  - 4:02:55 AM] 2025/11/07 04:02:55 Created View (#2)
	directory=/home/eumathss
	view_type="GoMod"
	root_dir="file:///home/eumathss/gopath/pkg/mod/golang.org/x/telemetry@v0.0.0-20240712210958-268b4a8ec2d7"
	go_version="go version go1.25.3 linux/amd64"
	build_flags=[]
	env={GOOS:linux GOARCH:amd64 GOCACHE:/home/eumathss/.cache/go-build GOMODCACHE:/home/eumathss/gopath/pkg/mod GOPATH:/home/eumathss/gopath:/google/gopath GOPRIVATE: GOFLAGS: GO111MODULE: GOTOOLCHAIN:auto GOROOT:/usr/local/go GoVersion:25 GoVersionOutput:go version go1.25.3 linux/amd64
 ExplicitGOWORK: EffectiveGOPACKAGESDRIVER:}
	env_overlay=[]

[Info  - 4:02:56 AM] 2025/11/07 04:02:56 go/packages.Load #2
	view_id="2"
	snapshot=0
	directory=/home/eumathss
	query=[/home/eumathss/gopath/pkg/mod/golang.org/x/telemetry@v0.0.0-20240712210958-268b4a8ec2d7/... builtin]
	packages=62
	duration=1.493428505s

[Info  - 4:02:56 AM] 2025/11/07 04:02:56 go/packages.Load #4
	view_id="2"
	snapshot=1
	directory=/home/eumathss
	query=[file=/home/eumathss/gopath/pkg/mod/golang.org/x/telemetry@v0.0.0-20240712210958-268b4a8ec2d7/cmd/gotelemetry/internal/browser/browser.go]
	packages=1
	duration=205.432105ms

[Info  - 4:02:56 AM] 2025/11/07 04:02:56 go/packages.Load #3
	view_id="2"
	snapshot=1
	directory=/home/eumathss
	query=[file=/home/eumathss/gopath/pkg/mod/golang.org/x/telemetry@v0.0.0-20240712210958-268b4a8ec2d7/cmd/gotelemetry/internal/browser/browser.go]
	packages=1
	duration=220.793072ms

[Error - 4:02:56 AM] Request textDocument/inlayHint failed.
  Message: getting file for InlayHint: no package metadata for file file:///home/eumathss/gopath/pkg/mod/golang.org/x/telemetry@v0.0.0-20240712210958-268b4a8ec2d7/cmd/gotelemetry/internal/browser/browser.go
  Code: 0 
[Error - 4:02:56 AM] Request textDocument/codeAction failed.
  Message: no package metadata for file file:///home/eumathss/gopath/pkg/mod/golang.org/x/telemetry@v0.0.0-20240712210958-268b4a8ec2d7/cmd/gotelemetry/internal/browser/browser.go
  Code: 0 
[Error - 4:02:57 AM] Request textDocument/hover failed.
  Message: no package metadata for file file:///home/eumathss/gopath/pkg/mod/golang.org/x/telemetry@v0.0.0-20240712210958-268b4a8ec2d7/cmd/gotelemetry/internal/browser/browser.go
  Code: 0 
[Error - 4:02:57 AM] Request textDocument/hover failed.
  Message: no package metadata for file file:///home/eumathss/gopath/pkg/mod/golang.org/x/telemetry@v0.0.0-20240712210958-268b4a8ec2d7/cmd/gotelemetry/internal/browser/browser.go
  Code: 0 
[Error - 4:02:58 AM] Request textDocument/codeAction failed.
  Message: no package metadata for file file:///home/eumathss/gopath/pkg/mod/golang.org/x/telemetry@v0.0.0-20240712210958-268b4a8ec2d7/cmd/gotelemetry/internal/browser/browser.go
  Code: 0 
[Error - 4:02:58 AM] Request textDocument/hover failed.
  Message: no package metadata for file file:///home/eumathss/gopath/pkg/mod/golang.org/x/telemetry@v0.0.0-20240712210958-268b4a8ec2d7/cmd/gotelemetry/internal/browser/browser.go
  Code: 0 
[Error - 4:02:59 AM] Request textDocument/hover failed.
  Message: no package metadata for file file:///home/eumathss/gopath/pkg/mod/golang.org/x/telemetry@v0.0.0-20240712210958-268b4a8ec2d7/cmd/gotelemetry/internal/browser/browser.go
  Code: 0 
[Error - 4:02:59 AM] Request textDocument/hover failed.
  Message: no package metadata for file file:///home/eumathss/gopath/pkg/mod/golang.org/x/telemetry@v0.0.0-20240712210958-268b4a8ec2d7/cmd/gotelemetry/internal/browser/browser.go
  Code: 0 
[Error - 4:03:00 AM] Request textDocument/hover failed.
  Message: no package metadata for file file:///home/eumathss/gopath/pkg/mod/golang.org/x/telemetry@v0.0.0-20240712210958-268b4a8ec2d7/cmd/gotelemetry/internal/browser/browser.go
  Code: 0 
[Error - 4:03:03 AM] Request textDocument/hover failed.
  Message: no package metadata for file file:///home/eumathss/gopath/pkg/mod/golang.org/x/telemetry@v0.0.0-20240712210958-268b4a8ec2d7/cmd/gotelemetry/internal/browser/browser.go
  Code: 0 
[Error - 4:03:05 AM] Request textDocument/hover failed.
  Message: no package metadata for file file:///home/eumathss/gopath/pkg/mod/golang.org/x/telemetry@v0.0.0-20240712210958-268b4a8ec2d7/cmd/gotelemetry/internal/browser/browser.go
  Code: 0 
[Error - 4:03:06 AM] Request textDocument/hover failed.
  Message: no package metadata for file file:///home/eumathss/gopath/pkg/mod/golang.org/x/telemetry@v0.0.0-20240712210958-268b4a8ec2d7/cmd/gotelemetry/internal/browser/browser.go
  Code: 0 
[Error - 4:03:08 AM] Request textDocument/inlayHint failed.
  Message: getting file for InlayHint: no package metadata for file file:///home/eumathss/gopath/pkg/mod/golang.org/x/telemetry@v0.0.0-20240712210958-268b4a8ec2d7/cmd/gotelemetry/internal/browser/browser.go
  Code: 0 
[Error - 4:03:09 AM] Request textDocument/inlayHint failed.
  Message: getting file for InlayHint: no package metadata for file file:///home/eumathss/gopath/pkg/mod/golang.org/x/telemetry@v0.0.0-20240712210958-268b4a8ec2d7/cmd/gotelemetry/internal/browser/browser.go
  Code: 0 
[Error - 4:03:12 AM] Request textDocument/inlayHint failed.
  Message: getting file for InlayHint: no package metadata for file file:///home/eumathss/gopath/pkg/mod/golang.org/x/telemetry@v0.0.0-20240712210958-268b4a8ec2d7/cmd/gotelemetry/internal/browser/browser.go
  Code: 0 
[Error - 4:03:12 AM] Request textDocument/inlayHint failed.
  Message: getting file for InlayHint: no package metadata for file file:///home/eumathss/gopath/pkg/mod/golang.org/x/telemetry@v0.0.0-20240712210958-268b4a8ec2d7/cmd/gotelemetry/internal/browser/browser.go
  Code: 0 
[Error - 4:03:19 AM] Request textDocument/hover failed.
  Message: no package metadata for file file:///home/eumathss/gopath/pkg/mod/golang.org/x/telemetry@v0.0.0-20240712210958-268b4a8ec2d7/cmd/gotelemetry/internal/browser/browser.go
  Code: 0 
[Error - 4:03:23 AM] Request textDocument/hover failed.
  Message: no package metadata for file file:///home/eumathss/gopath/pkg/mod/golang.org/x/telemetry@v0.0.0-20240712210958-268b4a8ec2d7/cmd/gotelemetry/internal/browser/browser.go
  Code: 0 
[Error - 4:03:23 AM] Request textDocument/hover failed.
  Message: no package metadata for file file:///home/eumathss/gopath/pkg/mod/golang.org/x/telemetry@v0.0.0-20240712210958-268b4a8ec2d7/cmd/gotelemetry/internal/browser/browser.go
  Code: 0 
[Error - 4:03:23 AM] Request textDocument/hover failed.
  Message: no package metadata for file file:///home/eumathss/gopath/pkg/mod/golang.org/x/telemetry@v0.0.0-20240712210958-268b4a8ec2d7/cmd/gotelemetry/internal/browser/browser.go
  Code: 0 
[Error - 4:03:24 AM] Request textDocument/definition failed.
  Message: no package metadata for file file:///home/eumathss/gopath/pkg/mod/golang.org/x/telemetry@v0.0.0-20240712210958-268b4a8ec2d7/cmd/gotelemetry/internal/browser/browser.go
  Code: 0 
[Error - 4:03:24 AM] Request textDocument/codeAction failed.
  Message: no package metadata for file file:///home/eumathss/gopath/pkg/mod/golang.org/x/telemetry@v0.0.0-20240712210958-268b4a8ec2d7/cmd/gotelemetry/internal/browser/browser.go
  Code: 0 
[Info  - 4:03:25 AM] 2025/11/07 04:03:25 background imports cache refresh starting

[Info  - 4:03:25 AM] 2025/11/07 04:03:25 background refresh finished after 8.046081ms

[Info  - 4:03:25 AM] 2025/11/07 04:03:25 background imports cache refresh starting

[Info  - 4:03:25 AM] 2025/11/07 04:03:25 background refresh finished after 71.29257ms

[Error - 4:03:26 AM] Request textDocument/hover failed.
  Message: no package metadata for file file:///home/eumathss/gopath/pkg/mod/golang.org/x/telemetry@v0.0.0-20240712210958-268b4a8ec2d7/cmd/gotelemetry/internal/browser/browser.go
  Code: 0 
[Error - 4:03:36 AM] 2025/11/07 04:03:36 command error: no package metadata for file file:///home/eumathss/gopath/pkg/mod/golang.org/x/telemetry@v0.0.0-20240712210958-268b4a8ec2d7/cmd/gotelemetry/internal/browser/browser.go

[Error - 4:04:15 AM] Request textDocument/codeAction failed.
  Message: no package metadata for file file:///home/eumathss/gopath/pkg/mod/golang.org/x/telemetry@v0.0.0-20240712210958-268b4a8ec2d7/cmd/gotelemetry/internal/browser/browser.go
  Code: 0 
[Error - 4:04:15 AM] Request textDocument/codeAction failed.
  Message: no package metadata for file file:///home/eumathss/gopath/pkg/mod/golang.org/x/telemetry@v0.0.0-20240712210958-268b4a8ec2d7/cmd/gotelemetry/internal/browser/browser.go
  Code: 0 
[Error - 4:04:15 AM] Request textDocument/inlayHint failed.
  Message: getting file for InlayHint: no package metadata for file file:///home/eumathss/gopath/pkg/mod/golang.org/x/telemetry@v0.0.0-20240712210958-268b4a8ec2d7/cmd/gotelemetry/internal/browser/browser.go
  Code: 0 
[Error - 4:04:15 AM] Request textDocument/hover failed.
  Message: no package metadata for file file:///home/eumathss/gopath/pkg/mod/golang.org/x/telemetry@v0.0.0-20240712210958-268b4a8ec2d7/cmd/gotelemetry/internal/browser/browser.go
  Code: 0 
[Error - 4:04:16 AM] Request textDocument/hover failed.
  Message: no package metadata for file file:///home/eumathss/gopath/pkg/mod/golang.org/x/telemetry@v0.0.0-20240712210958-268b4a8ec2d7/cmd/gotelemetry/internal/browser/browser.go
  Code: 0 
[Error - 4:04:35 AM] Request textDocument/codeAction failed.
  Message: no package metadata for file file:///home/eumathss/gopath/pkg/mod/golang.org/x/telemetry@v0.0.0-20240712210958-268b4a8ec2d7/cmd/gotelemetry/internal/browser/browser.go
  Code: 0 
[Error - 4:04:35 AM] Request textDocument/codeAction failed.
  Message: no package metadata for file file:///home/eumathss/gopath/pkg/mod/golang.org/x/telemetry@v0.0.0-20240712210958-268b4a8ec2d7/cmd/gotelemetry/internal/browser/browser.go
  Code: 0 
[Error - 4:04:35 AM] Request textDocument/inlayHint failed.
  Message: getting file for InlayHint: no package metadata for file file:///home/eumathss/gopath/pkg/mod/golang.org/x/telemetry@v0.0.0-20240712210958-268b4a8ec2d7/cmd/gotelemetry/internal/browser/browser.go
  Code: 0 
