2025-11-07 05:05:43.884 [info] [main] Log level: Info
2025-11-07 05:05:43.884 [info] [main] Validating found git in: "git"
2025-11-07 05:05:43.884 [info] [main] Using git "2.43.0" from "git"
2025-11-07 05:05:43.884 [info] [Model][doInitialScan] Initial repository scan started
2025-11-07 05:05:43.884 [info] > git rev-parse --show-toplevel [3379ms]
2025-11-07 05:05:43.884 [info] fatal: not a git repository (or any parent up to mount point /)
Stopping at filesystem boundary (GIT_DISCOVERY_ACROSS_FILESYSTEM not set).
2025-11-07 05:05:45.018 [info] > git rev-parse --show-toplevel [70ms]
2025-11-07 05:05:45.018 [info] fatal: not a git repository (or any parent up to mount point /)
Stopping at filesystem boundary (GIT_DISCOVERY_ACROSS_FILESYSTEM not set).
2025-11-07 05:05:45.112 [info] > git rev-parse --show-toplevel [44ms]
2025-11-07 05:05:45.112 [info] fatal: not a git repository (or any parent up to mount point /)
Stopping at filesystem boundary (GIT_DISCOVERY_ACROSS_FILESYSTEM not set).
2025-11-07 05:05:45.315 [info] > git rev-parse --show-toplevel [164ms]
2025-11-07 05:05:45.315 [info] fatal: not a git repository (or any parent up to mount point /)
Stopping at filesystem boundary (GIT_DISCOVERY_ACROSS_FILESYSTEM not set).
2025-11-07 05:05:45.384 [info] > git rev-parse --show-toplevel [28ms]
2025-11-07 05:05:45.384 [info] fatal: not a git repository (or any parent up to mount point /)
Stopping at filesystem boundary (GIT_DISCOVERY_ACROSS_FILESYSTEM not set).
2025-11-07 05:05:45.425 [info] > git rev-parse --show-toplevel [9ms]
2025-11-07 05:05:45.426 [info] fatal: not a git repository (or any parent up to mount point /)
Stopping at filesystem boundary (GIT_DISCOVERY_ACROSS_FILESYSTEM not set).
2025-11-07 05:05:45.482 [info] > git rev-parse --show-toplevel [16ms]
2025-11-07 05:05:45.482 [info] fatal: not a git repository (or any parent up to mount point /)
Stopping at filesystem boundary (GIT_DISCOVERY_ACROSS_FILESYSTEM not set).
2025-11-07 05:05:45.533 [info] > git rev-parse --show-toplevel [6ms]
2025-11-07 05:05:45.533 [info] fatal: not a git repository (or any parent up to mount point /)
Stopping at filesystem boundary (GIT_DISCOVERY_ACROSS_FILESYSTEM not set).
2025-11-07 05:05:45.577 [info] > git rev-parse --show-toplevel [6ms]
2025-11-07 05:05:45.577 [info] fatal: not a git repository (or any parent up to mount point /)
Stopping at filesystem boundary (GIT_DISCOVERY_ACROSS_FILESYSTEM not set).
2025-11-07 05:05:45.620 [info] > git rev-parse --show-toplevel [8ms]
2025-11-07 05:05:45.620 [info] fatal: not a git repository (or any parent up to mount point /)
Stopping at filesystem boundary (GIT_DISCOVERY_ACROSS_FILESYSTEM not set).
2025-11-07 05:05:45.674 [info] > git rev-parse --show-toplevel [20ms]
2025-11-07 05:05:45.675 [info] fatal: not a git repository (or any parent up to mount point /)
Stopping at filesystem boundary (GIT_DISCOVERY_ACROSS_FILESYSTEM not set).
2025-11-07 05:05:45.711 [info] > git rev-parse --show-toplevel [6ms]
2025-11-07 05:05:45.711 [info] fatal: not a git repository (or any parent up to mount point /)
Stopping at filesystem boundary (GIT_DISCOVERY_ACROSS_FILESYSTEM not set).
2025-11-07 05:05:45.762 [info] > git rev-parse --show-toplevel [16ms]
2025-11-07 05:05:45.762 [info] fatal: not a git repository (or any parent up to mount point /)
Stopping at filesystem boundary (GIT_DISCOVERY_ACROSS_FILESYSTEM not set).
2025-11-07 05:05:45.802 [info] > git rev-parse --show-toplevel [7ms]
2025-11-07 05:05:45.845 [info] > git rev-parse --git-dir --git-common-dir [4ms]
2025-11-07 05:05:45.895 [info] [Model][openRepository] Opened repository (path): /home/eumathss/studio2
2025-11-07 05:05:45.895 [info] [Model][openRepository] Opened repository (real path): /home/eumathss/studio2
2025-11-07 05:05:45.904 [info] [Model][doInitialScan] Initial repository scan completed - repositories (1), closed repositories (0), parent repositories (0), unsafe repositories (0)
2025-11-07 05:05:45.976 [info] > git config --get commit.template [43ms]
2025-11-07 05:05:45.977 [info] > git for-each-ref --format=%(refname)%00%(upstream:short)%00%(objectname)%00%(upstream:track)%00%(upstream:remotename)%00%(upstream:remoteref) refs/heads/treinoindoor refs/remotes/treinoindoor [8ms]
2025-11-07 05:05:46.011 [warning] [Git][revParse] Unable to read file: ENOENT: no such file or directory, open '/home/eumathss/studio2/.git/refs/remotes/origin/treinoindoor'
2025-11-07 05:05:46.015 [info] > git rev-parse refs/remotes/origin/treinoindoor [4ms]
2025-11-07 05:05:46.088 [info] > git status -z -uall [36ms]
2025-11-07 05:05:46.091 [info] > git for-each-ref --sort -committerdate --format %(refname)%00%(objectname)%00%(*objectname) [10ms]
2025-11-07 05:05:46.148 [info] > git for-each-ref --format=%(refname)%00%(upstream:short)%00%(objectname)%00%(upstream:track)%00%(upstream:remotename)%00%(upstream:remoteref) refs/heads/treinoindoor refs/remotes/treinoindoor [32ms]
2025-11-07 05:05:46.173 [info] > git config --get --local branch.treinoindoor.vscode-merge-base [5ms]
2025-11-07 05:05:46.206 [info] > git config --get commit.template [63ms]
2025-11-07 05:05:46.476 [info] > git for-each-ref --format=%(refname)%00%(upstream:short)%00%(objectname)%00%(upstream:track)%00%(upstream:remotename)%00%(upstream:remoteref) refs/heads/origin/treinoindoor refs/remotes/origin/treinoindoor [271ms]
2025-11-07 05:05:46.498 [info] > git for-each-ref --format=%(refname)%00%(upstream:short)%00%(objectname)%00%(upstream:track)%00%(upstream:remotename)%00%(upstream:remoteref) refs/heads/treinoindoor refs/remotes/treinoindoor [77ms]
2025-11-07 05:05:46.499 [info] > git merge-base refs/heads/treinoindoor refs/remotes/origin/treinoindoor [5ms]
2025-11-07 05:05:46.524 [warning] [Git][revParse] Unable to read file: ENOENT: no such file or directory, open '/home/eumathss/studio2/.git/refs/remotes/origin/treinoindoor'
2025-11-07 05:05:46.525 [info] > git diff --name-status -z --diff-filter=ADMR f1a08232df03cfe0e7fe98c6fbd4085ae12376db...refs/remotes/origin/treinoindoor [14ms]
2025-11-07 05:05:46.527 [info] > git rev-parse refs/remotes/origin/treinoindoor [4ms]
2025-11-07 05:05:46.556 [info] > git status -z -uall [17ms]
2025-11-07 05:05:46.558 [info] > git for-each-ref --sort -committerdate --format %(refname)%00%(objectname)%00%(*objectname) [5ms]
2025-11-07 05:05:46.665 [info] > git check-ignore -v -z --stdin [3ms]
